20/12/18:17:13 - INFO:client logging in using static token
20/12/18:17:13 - INFO:gateway Created websocket connected to wss://gateway.discord.gg?encoding=json&v=6
20/12/18:17:13 - INFO:gateway sent the identify payload to create the websocket
20/12/18:17:09 - INFO:client logging in using static token
20/12/18:17:10 - INFO:gateway Created websocket connected to wss://gateway.discord.gg?encoding=json&v=6
20/12/18:17:10 - INFO:gateway sent the identify payload to create the websocket
20/12/18:17:44 - INFO:client logging in using static token
20/12/18:17:44 - INFO:gateway Created websocket connected to wss://gateway.discord.gg?encoding=json&v=6
20/12/18:17:44 - INFO:gateway sent the identify payload to create the websocket
20/12/18:17:45 - INFO:client logging in using static token
20/12/18:17:45 - INFO:gateway Created websocket connected to wss://gateway.discord.gg?encoding=json&v=6
20/12/18:17:45 - INFO:gateway sent the identify payload to create the websocket
20/12/18:17:56 - INFO:client logging in using static token
20/12/18:17:57 - INFO:gateway Created websocket connected to wss://gateway.discord.gg?encoding=json&v=6
20/12/18:17:57 - INFO:gateway sent the identify payload to create the websocket
20/12/18:17:37 - INFO:client logging in using static token
20/12/18:17:38 - INFO:gateway Created websocket connected to wss://gateway.discord.gg?encoding=json&v=6
20/12/18:17:38 - INFO:gateway sent the identify payload to create the websocket
20/12/18:17:40 - INFO:client logging in using static token
20/12/18:17:41 - INFO:gateway Created websocket connected to wss://gateway.discord.gg?encoding=json&v=6
20/12/18:17:41 - INFO:gateway sent the identify payload to create the websocket
20/12/18:17:51 - INFO:client logging in using static token
20/12/18:17:52 - INFO:gateway Created websocket connected to wss://gateway.discord.gg?encoding=json&v=6
20/12/18:17:52 - INFO:gateway sent the identify payload to create the websocket
20/12/18:17:54 - ERROR:BlueBot Failed to load extension BaseCommands
20/12/18:17:23 - INFO:client logging in using static token
20/12/18:17:24 - INFO:gateway Created websocket connected to wss://gateway.discord.gg?encoding=json&v=6
20/12/18:17:24 - INFO:gateway sent the identify payload to create the websocket
20/12/18:17:26 - ERROR:BlueBot Failed to load extension BaseCommands
20/12/18:17:56 - INFO:client logging in using static token
20/12/18:17:56 - INFO:gateway Created websocket connected to wss://gateway.discord.gg?encoding=json&v=6
20/12/18:17:56 - INFO:gateway sent the identify payload to create the websocket
20/12/18:17:42 - INFO:client logging in using static token
20/12/18:17:42 - INFO:gateway Created websocket connected to wss://gateway.discord.gg?encoding=json&v=6
20/12/18:17:42 - INFO:gateway sent the identify payload to create the websocket
20/12/18:17:13 - INFO:client logging in using static token
20/12/18:17:13 - INFO:gateway Created websocket connected to wss://gateway.discord.gg?encoding=json&v=6
20/12/18:17:13 - INFO:gateway sent the identify payload to create the websocket
20/12/18:17:19 - INFO:client logging in using static token
20/12/18:17:19 - INFO:gateway Created websocket connected to wss://gateway.discord.gg?encoding=json&v=6
20/12/18:17:19 - INFO:gateway sent the identify payload to create the websocket
20/12/18:17:20 - INFO:gateway Unhandled event PRESENCES_REPLACE
20/12/18:17:46 - INFO:client logging in using static token
20/12/18:17:47 - INFO:gateway Created websocket connected to wss://gateway.discord.gg?encoding=json&v=6
20/12/18:17:47 - INFO:gateway sent the identify payload to create the websocket
20/12/18:17:00 - INFO:client logging in using static token
20/12/18:17:01 - INFO:gateway Created websocket connected to wss://gateway.discord.gg?encoding=json&v=6
20/12/18:17:01 - INFO:gateway sent the identify payload to create the websocket
20/12/18:17:04 - INFO:gateway Unhandled event PRESENCES_REPLACE
20/12/18:17:35 - INFO:client logging in using static token
20/12/18:17:35 - INFO:gateway Created websocket connected to wss://gateway.discord.gg?encoding=json&v=6
20/12/18:17:35 - INFO:gateway sent the identify payload to create the websocket
20/12/18:17:38 - INFO:gateway Unhandled event PRESENCES_REPLACE
20/12/18:17:39 - INFO:BlueBot successfully loaded extension BaseCommands
20/12/18:17:49 - INFO:client logging in using static token
20/12/18:17:49 - INFO:gateway Created websocket connected to wss://gateway.discord.gg?encoding=json&v=6
20/12/18:17:49 - INFO:gateway sent the identify payload to create the websocket
20/12/18:17:51 - INFO:BlueBot successfully loaded extension BaseCommands
20/12/18:17:05 - INFO:client logging in using static token
20/12/18:17:06 - INFO:gateway Created websocket connected to wss://gateway.discord.gg?encoding=json&v=6
20/12/18:17:06 - INFO:gateway sent the identify payload to create the websocket
20/12/18:17:07 - INFO:gateway Unhandled event PRESENCES_REPLACE
20/12/18:17:09 - INFO:BlueBot successfully loaded extension BaseCommands
20/12/18:17:52 - INFO:client logging in using static token
20/12/18:17:52 - INFO:gateway Created websocket connected to wss://gateway.discord.gg?encoding=json&v=6
20/12/18:17:52 - INFO:gateway sent the identify payload to create the websocket
20/12/18:17:51 - INFO:client logging in using static token
20/12/18:17:51 - INFO:gateway Created websocket connected to wss://gateway.discord.gg?encoding=json&v=6
20/12/18:17:51 - INFO:gateway sent the identify payload to create the websocket
20/12/18:17:53 - INFO:gateway Unhandled event PRESENCES_REPLACE
20/12/18:17:29 - INFO:client logging in using static token
20/12/18:17:29 - INFO:gateway Created websocket connected to wss://gateway.discord.gg?encoding=json&v=6
20/12/18:17:29 - INFO:gateway sent the identify payload to create the websocket
20/12/18:17:14 - INFO:client logging in using static token
20/12/18:17:14 - INFO:gateway Created websocket connected to wss://gateway.discord.gg?encoding=json&v=6
20/12/18:17:14 - INFO:gateway sent the identify payload to create the websocket
20/12/18:17:12 - INFO:client logging in using static token
20/12/18:17:13 - INFO:gateway Created websocket connected to wss://gateway.discord.gg?encoding=json&v=6
20/12/18:17:13 - INFO:gateway sent the identify payload to create the websocket
20/12/18:17:15 - INFO:BlueBot successfully loaded extension BaseCommands
20/12/18:17:42 - INFO:client logging in using static token
20/12/18:17:42 - INFO:gateway Created websocket connected to wss://gateway.discord.gg?encoding=json&v=6
20/12/18:17:42 - INFO:gateway sent the identify payload to create the websocket
20/12/18:17:45 - INFO:BlueBot successfully loaded extension BaseCommands
20/12/18:17:44 - INFO:client logging in using static token
20/12/18:17:44 - INFO:gateway Created websocket connected to wss://gateway.discord.gg?encoding=json&v=6
20/12/18:17:44 - INFO:gateway sent the identify payload to create the websocket
20/12/18:17:46 - INFO:BlueBot successfully loaded extension BaseCommands
20/12/18:17:37 - INFO:client logging in using static token
20/12/18:17:37 - INFO:gateway Created websocket connected to wss://gateway.discord.gg?encoding=json&v=6
20/12/18:17:37 - INFO:gateway sent the identify payload to create the websocket
20/12/18:17:39 - INFO:BlueBot successfully loaded extension BaseCommands
20/12/18:17:47 - INFO:client logging in using static token
20/12/18:17:48 - INFO:gateway Created websocket connected to wss://gateway.discord.gg?encoding=json&v=6
20/12/18:17:48 - INFO:gateway sent the identify payload to create the websocket
20/12/18:17:50 - INFO:BlueBot successfully loaded extension BaseCommands
20/12/18:17:38 - INFO:client logging in using static token
20/12/18:17:38 - INFO:gateway Created websocket connected to wss://gateway.discord.gg?encoding=json&v=6
20/12/18:17:38 - INFO:gateway sent the identify payload to create the websocket
20/12/18:17:40 - INFO:BlueBot successfully loaded extension BaseCommands
20/12/18:18:26 - INFO:client logging in using static token
20/12/18:18:27 - INFO:gateway Created websocket connected to wss://gateway.discord.gg?encoding=json&v=6
20/12/18:18:27 - INFO:gateway sent the identify payload to create the websocket
20/12/18:18:29 - INFO:BlueBot successfully loaded extension BaseCommands
20/12/18:18:56 - INFO:client logging in using static token
20/12/18:18:56 - INFO:gateway Created websocket connected to wss://gateway.discord.gg?encoding=json&v=6
20/12/18:18:56 - INFO:gateway sent the identify payload to create the websocket
20/12/18:18:58 - INFO:BlueBot successfully loaded extension BaseCommands
20/12/18:18:45 - INFO:client logging in using static token
20/12/18:18:45 - INFO:gateway Created websocket connected to wss://gateway.discord.gg?encoding=json&v=6
20/12/18:18:45 - INFO:gateway sent the identify payload to create the websocket
20/12/18:18:49 - INFO:BlueBot successfully loaded extension BaseCommands
20/12/18:18:50 - INFO:client logging in using static token
20/12/18:18:51 - INFO:gateway Created websocket connected to wss://gateway.discord.gg?encoding=json&v=6
20/12/18:18:51 - INFO:gateway sent the identify payload to create the websocket
20/12/18:18:53 - INFO:BlueBot successfully loaded extension BaseCommands
20/12/18:18:51 - INFO:client logging in using static token
20/12/18:18:51 - INFO:gateway Created websocket connected to wss://gateway.discord.gg?encoding=json&v=6
20/12/18:18:51 - INFO:gateway sent the identify payload to create the websocket
20/12/18:18:54 - INFO:BlueBot successfully loaded extension BaseCommands
20/12/18:18:45 - INFO:client logging in using static token
20/12/18:18:45 - INFO:gateway Created websocket connected to wss://gateway.discord.gg?encoding=json&v=6
20/12/18:18:45 - INFO:gateway sent the identify payload to create the websocket
20/12/18:18:47 - INFO:BlueBot successfully loaded extension BaseCommands
20/12/18:19:56 - INFO:client logging in using static token
20/12/18:19:56 - INFO:gateway Created websocket connected to wss://gateway.discord.gg?encoding=json&v=6
20/12/18:19:56 - INFO:gateway sent the identify payload to create the websocket
20/12/18:19:58 - INFO:BlueBot successfully loaded extension BaseCommands
20/12/18:19:28 - INFO:client logging in using static token
20/12/18:19:28 - INFO:gateway Created websocket connected to wss://gateway.discord.gg?encoding=json&v=6
20/12/18:19:28 - INFO:gateway sent the identify payload to create the websocket
20/12/18:19:30 - INFO:gateway Unhandled event PRESENCES_REPLACE
20/12/18:19:32 - INFO:BlueBot successfully loaded extension BaseCommands
20/12/18:19:14 - ERROR:base_events Task exception was never retrieved
future: <Task finished coro=<EventRunner.runner() done, defined at /home/Luke/discord/blue/newblue/EventRunner/EventRunner.py:13> exception=NameError("name 'events' is not defined",)>
Traceback (most recent call last):
  File "/home/Luke/discord/blue/newblue/EventRunner/EventRunner.py", line 16, in runner
    for i in events:
NameError: name 'events' is not defined
20/12/18:19:14 - INFO:client logging in using static token
20/12/18:19:14 - INFO:gateway Created websocket connected to wss://gateway.discord.gg?encoding=json&v=6
20/12/18:19:14 - INFO:gateway sent the identify payload to create the websocket
20/12/18:19:18 - INFO:BlueBot successfully loaded extension BaseCommands
20/12/18:20:56 - ERROR:base_events Task exception was never retrieved
future: <Task finished coro=<EventRunner.runner() done, defined at /home/Luke/discord/blue/newblue/EventRunner/EventRunner.py:13> exception=NameError("name 'events' is not defined",)>
Traceback (most recent call last):
  File "/home/Luke/discord/blue/newblue/EventRunner/EventRunner.py", line 16, in runner
    for i in events:
NameError: name 'events' is not defined
20/12/18:20:56 - INFO:client logging in using static token
20/12/18:20:56 - INFO:gateway Created websocket connected to wss://gateway.discord.gg?encoding=json&v=6
20/12/18:20:56 - INFO:gateway sent the identify payload to create the websocket
20/12/18:20:58 - INFO:BlueBot successfully loaded extension BaseCommands
21/12/18:21:54 - ERROR:base_events Task exception was never retrieved
future: <Task finished coro=<EventRunner.runner() done, defined at /home/Luke/discord/blue/newblue/EventRunner/EventRunner.py:13> exception=NameError("name 'events' is not defined",)>
Traceback (most recent call last):
  File "/home/Luke/discord/blue/newblue/EventRunner/EventRunner.py", line 17, in runner
    for i in events:
NameError: name 'events' is not defined
21/12/18:21:54 - INFO:client logging in using static token
21/12/18:21:55 - INFO:gateway Created websocket connected to wss://gateway.discord.gg?encoding=json&v=6
21/12/18:21:55 - INFO:gateway sent the identify payload to create the websocket
21/12/18:21:57 - INFO:BlueBot successfully loaded extension BaseCommands
21/12/18:21:47 - ERROR:base_events Task exception was never retrieved
future: <Task finished coro=<EventRunner.runner() done, defined at /home/Luke/discord/blue/newblue/EventRunner/EventRunner.py:13> exception=NameError("name 'events' is not defined",)>
Traceback (most recent call last):
  File "/home/Luke/discord/blue/newblue/EventRunner/EventRunner.py", line 17, in runner
    for i in events:
NameError: name 'events' is not defined
21/12/18:21:47 - INFO:client logging in using static token
21/12/18:21:48 - INFO:gateway Created websocket connected to wss://gateway.discord.gg?encoding=json&v=6
21/12/18:21:48 - INFO:gateway sent the identify payload to create the websocket
21/12/18:21:50 - INFO:BlueBot successfully loaded extension BaseCommands
21/12/18:21:03 - INFO:client logging in using static token
21/12/18:21:03 - INFO:gateway Created websocket connected to wss://gateway.discord.gg?encoding=json&v=6
21/12/18:21:03 - INFO:gateway sent the identify payload to create the websocket
21/12/18:21:06 - INFO:gateway Unhandled event PRESENCES_REPLACE
21/12/18:21:06 - INFO:BlueBot successfully loaded extension BaseCommands
21/12/18:21:39 - INFO:client logging in using static token
21/12/18:21:39 - INFO:gateway Created websocket connected to wss://gateway.discord.gg?encoding=json&v=6
21/12/18:21:39 - INFO:gateway sent the identify payload to create the websocket
21/12/18:21:43 - INFO:gateway Unhandled event PRESENCES_REPLACE
21/12/18:21:11 - INFO:client logging in using static token
21/12/18:21:11 - INFO:gateway Created websocket connected to wss://gateway.discord.gg?encoding=json&v=6
21/12/18:21:11 - INFO:gateway sent the identify payload to create the websocket
21/12/18:22:05 - INFO:client logging in using static token
21/12/18:22:05 - INFO:gateway Created websocket connected to wss://gateway.discord.gg?encoding=json&v=6
21/12/18:22:05 - INFO:gateway sent the identify payload to create the websocket
21/12/18:22:57 - INFO:client logging in using static token
21/12/18:22:57 - INFO:gateway Created websocket connected to wss://gateway.discord.gg?encoding=json&v=6
21/12/18:22:57 - INFO:gateway sent the identify payload to create the websocket
21/12/18:22:28 - INFO:client logging in using static token
21/12/18:22:29 - INFO:gateway Created websocket connected to wss://gateway.discord.gg?encoding=json&v=6
21/12/18:22:29 - INFO:gateway sent the identify payload to create the websocket
21/12/18:23:56 - INFO:client logging in using static token
21/12/18:23:56 - INFO:gateway Created websocket connected to wss://gateway.discord.gg?encoding=json&v=6
21/12/18:23:56 - INFO:gateway sent the identify payload to create the websocket
21/12/18:23:58 - INFO:gateway Unhandled event PRESENCES_REPLACE
22/12/18:12:54 - INFO:client logging in using static token
22/12/18:12:54 - INFO:gateway Created websocket connected to wss://gateway.discord.gg?encoding=json&v=6&compress=zlib-stream
22/12/18:12:54 - INFO:gateway Shard ID None has sent the IDENTIFY payload.
22/12/18:12:54 - INFO:gateway Shard ID None has connected to Gateway: gateway-prd-main-xp2r, discord-sessions-prd-1-10 (Session ID: 897b7186105eef5d157838df9746bd9f).
22/12/18:12:55 - INFO:client Cleaning up event loop.
22/12/18:12:55 - INFO:gateway Websocket closed with 1000 (), cannot reconnect.
22/12/18:12:06 - INFO:client logging in using static token
22/12/18:12:07 - INFO:gateway Created websocket connected to wss://gateway.discord.gg?encoding=json&v=6&compress=zlib-stream
22/12/18:12:07 - INFO:gateway Shard ID None has sent the IDENTIFY payload.
22/12/18:12:07 - INFO:gateway Shard ID None has connected to Gateway: gateway-prd-main-fnsl, discord-sessions-prd-1-4 (Session ID: ab395cc954fc40a08a87304e98b64b81).
22/12/18:12:09 - INFO:BlueBot successfully loaded extension BaseCommands
22/12/18:12:12 - INFO:client Cleaning up event loop.
22/12/18:12:12 - INFO:gateway Websocket closed with 1000 (), cannot reconnect.
22/12/18:12:32 - INFO:client logging in using static token
22/12/18:12:33 - INFO:gateway Created websocket connected to wss://gateway.discord.gg?encoding=json&v=6&compress=zlib-stream
22/12/18:12:33 - INFO:gateway Shard ID None has sent the IDENTIFY payload.
22/12/18:12:33 - INFO:gateway Shard ID None has connected to Gateway: gateway-prd-main-j093, discord-sessions-prd-1-11 (Session ID: 97e7e913e8b07652d7cbcbbd172453c0).
22/12/18:12:35 - INFO:BlueBot successfully loaded extension BaseCommands
22/12/18:12:02 - INFO:client Cleaning up event loop.
22/12/18:12:02 - INFO:gateway Websocket closed with 1000 (), cannot reconnect.
22/12/18:12:51 - INFO:client logging in using static token
22/12/18:12:51 - INFO:gateway Created websocket connected to wss://gateway.discord.gg?encoding=json&v=6&compress=zlib-stream
22/12/18:12:51 - INFO:gateway Shard ID None has sent the IDENTIFY payload.
22/12/18:12:52 - INFO:gateway Shard ID None has connected to Gateway: gateway-prd-main-6lhw, discord-sessions-prd-1-3 (Session ID: 496bbd7bac6ecc4f8b8a3a3446093d12).
22/12/18:12:59 - INFO:client Cleaning up event loop.
22/12/18:12:59 - INFO:gateway Websocket closed with 1000 (), cannot reconnect.
22/12/18:12:19 - INFO:client logging in using static token
22/12/18:12:19 - INFO:gateway Created websocket connected to wss://gateway.discord.gg?encoding=json&v=6&compress=zlib-stream
22/12/18:12:19 - INFO:gateway Shard ID None has sent the IDENTIFY payload.
22/12/18:12:19 - INFO:gateway Shard ID None has connected to Gateway: gateway-prd-main-mc74, discord-sessions-prd-1-3 (Session ID: 0229eba21c44085fbd182dfb0c2033b2).
22/12/18:12:21 - INFO:BlueBot successfully loaded extension BaseCommands
22/12/18:12:43 - INFO:client Cleaning up event loop.
22/12/18:12:43 - INFO:gateway Websocket closed with 1000 (), cannot reconnect.
22/12/18:12:35 - INFO:client logging in using static token
22/12/18:12:35 - INFO:gateway Created websocket connected to wss://gateway.discord.gg?encoding=json&v=6&compress=zlib-stream
22/12/18:12:35 - INFO:gateway Shard ID None has sent the IDENTIFY payload.
22/12/18:12:35 - INFO:gateway Shard ID None has connected to Gateway: gateway-prd-main-cdjj, discord-sessions-prd-1-10 (Session ID: 7311365924ebbdf0fec747fe0c51e511).
22/12/18:12:37 - INFO:BlueBot successfully loaded extension BaseCommands
22/12/18:12:07 - INFO:client Cleaning up event loop.
22/12/18:12:07 - INFO:gateway Websocket closed with 1000 (), cannot reconnect.
22/12/18:12:28 - INFO:client logging in using static token
22/12/18:12:28 - INFO:gateway Created websocket connected to wss://gateway.discord.gg?encoding=json&v=6&compress=zlib-stream
22/12/18:12:28 - INFO:gateway Shard ID None has sent the IDENTIFY payload.
22/12/18:12:28 - INFO:gateway Shard ID None has connected to Gateway: gateway-prd-main-8j3c, discord-sessions-prd-1-16 (Session ID: 5630575ef0e6faa0c195fa5ae90d7479).
22/12/18:12:30 - INFO:BlueBot successfully loaded extension BaseCommands
22/12/18:12:13 - INFO:client Cleaning up event loop.
22/12/18:12:13 - INFO:gateway Websocket closed with 1000 (), cannot reconnect.
22/12/18:13:53 - INFO:client logging in using static token
22/12/18:13:53 - INFO:gateway Created websocket connected to wss://gateway.discord.gg?encoding=json&v=6&compress=zlib-stream
22/12/18:13:53 - INFO:gateway Shard ID None has sent the IDENTIFY payload.
22/12/18:13:54 - INFO:gateway Shard ID None has connected to Gateway: gateway-prd-main-rskw, discord-sessions-prd-1-7 (Session ID: 15139fa006eaa1597b2c8cdd8575487a).
22/12/18:13:56 - INFO:BlueBot successfully loaded extension BaseCommands
22/12/18:13:02 - INFO:client Cleaning up event loop.
22/12/18:13:02 - INFO:gateway Websocket closed with 1000 (), cannot reconnect.
22/12/18:13:24 - INFO:client logging in using static token
22/12/18:13:25 - INFO:gateway Created websocket connected to wss://gateway.discord.gg?encoding=json&v=6&compress=zlib-stream
22/12/18:13:25 - INFO:gateway Shard ID None has sent the IDENTIFY payload.
22/12/18:13:25 - INFO:gateway Shard ID None has connected to Gateway: gateway-prd-main-tsrg, discord-sessions-prd-1-1 (Session ID: 9b2d54c222cadf018600e6793f5b8b8f).
22/12/18:13:27 - INFO:BlueBot successfully loaded extension BaseCommands
22/12/18:13:36 - INFO:client Cleaning up event loop.
22/12/18:13:36 - INFO:gateway Websocket closed with 1000 (), cannot reconnect.
22/12/18:13:55 - INFO:client logging in using static token
22/12/18:13:55 - INFO:gateway Created websocket connected to wss://gateway.discord.gg?encoding=json&v=6&compress=zlib-stream
22/12/18:13:55 - INFO:gateway Shard ID None has sent the IDENTIFY payload.
22/12/18:13:55 - INFO:gateway Shard ID None has connected to Gateway: gateway-prd-main-5zxn, discord-sessions-prd-1-4 (Session ID: 33d3cb38128795f46b4e1190f287a429).
22/12/18:13:57 - INFO:BlueBot successfully loaded extension BaseCommands
22/12/18:13:57 - INFO:BlueBot successfully loaded extension ErrorHandler
22/12/18:13:36 - INFO:client Cleaning up event loop.
22/12/18:13:36 - INFO:gateway Websocket closed with 1000 (), cannot reconnect.
22/12/18:13:10 - INFO:client logging in using static token
22/12/18:13:11 - INFO:gateway Created websocket connected to wss://gateway.discord.gg?encoding=json&v=6&compress=zlib-stream
22/12/18:13:11 - INFO:gateway Shard ID None has sent the IDENTIFY payload.
22/12/18:13:12 - INFO:gateway Shard ID None has connected to Gateway: gateway-prd-main-mxv1, discord-sessions-prd-1-10 (Session ID: d600adf23265ce9851ab0f0c24e5c5cf).
22/12/18:13:12 - WARNING:gateway Unknown event PRESENCES_REPLACE.
22/12/18:13:14 - INFO:BlueBot successfully loaded extension BaseCommands
22/12/18:13:14 - INFO:BlueBot successfully loaded extension ErrorHandler
22/12/18:13:45 - INFO:client Cleaning up event loop.
22/12/18:13:45 - INFO:gateway Websocket closed with 1000 (), cannot reconnect.
22/12/18:13:11 - INFO:client logging in using static token
22/12/18:13:12 - INFO:gateway Created websocket connected to wss://gateway.discord.gg?encoding=json&v=6&compress=zlib-stream
22/12/18:13:12 - INFO:gateway Shard ID None has sent the IDENTIFY payload.
22/12/18:13:12 - INFO:gateway Shard ID None has connected to Gateway: gateway-prd-main-9qlr, discord-sessions-prd-1-27 (Session ID: 43095e8bdc2cde9683197ed093bef539).
22/12/18:13:14 - INFO:BlueBot successfully loaded extension BaseCommands
22/12/18:13:14 - INFO:BlueBot successfully loaded extension ErrorHandler
22/12/18:13:20 - ERROR:base_events Fatal read error on socket transport
protocol: <asyncio.sslproto.SSLProtocol object at 0x7f4a66d53860>
transport: <_SelectorSocketTransport fd=7 read=polling write=<idle, bufsize=0>>
Traceback (most recent call last):
  File "/usr/lib/python3.6/asyncio/selector_events.py", line 725, in _read_ready
    data = self._sock.recv(self.max_size)
TimeoutError: [Errno 110] Connection timed out
22/12/18:16:31 - INFO:client Cleaning up event loop.
22/12/18:16:32 - INFO:gateway Websocket closed with 1000 (), cannot reconnect.
22/12/18:16:00 - INFO:client logging in using static token
22/12/18:16:01 - INFO:gateway Created websocket connected to wss://gateway.discord.gg?encoding=json&v=6&compress=zlib-stream
22/12/18:16:01 - INFO:gateway Shard ID None has sent the IDENTIFY payload.
22/12/18:16:01 - INFO:gateway Shard ID None has connected to Gateway: gateway-prd-main-wd86, discord-sessions-prd-1-5 (Session ID: 5bbc6ee459947cf7ee01379b038118df).
22/12/18:16:09 - INFO:client Cleaning up event loop.
22/12/18:16:09 - INFO:gateway Websocket closed with 1000 (), cannot reconnect.
22/12/18:16:34 - INFO:client logging in using static token
22/12/18:16:35 - INFO:gateway Created websocket connected to wss://gateway.discord.gg?encoding=json&v=6&compress=zlib-stream
22/12/18:16:35 - INFO:gateway Shard ID None has sent the IDENTIFY payload.
22/12/18:16:36 - INFO:gateway Shard ID None has connected to Gateway: gateway-prd-main-rp1n, discord-sessions-prd-1-18 (Session ID: ff96a8cf58d473182ad8b7caafac38f0).
22/12/18:16:36 - WARNING:gateway Unknown event PRESENCES_REPLACE.
22/12/18:16:38 - INFO:BlueBot successfully loaded extension BaseCommands
22/12/18:16:38 - INFO:BlueBot successfully loaded extension ErrorHandler
22/12/18:16:22 - INFO:client Cleaning up event loop.
22/12/18:16:22 - INFO:gateway Websocket closed with 1000 (), cannot reconnect.
22/12/18:16:56 - INFO:client logging in using static token
22/12/18:16:57 - INFO:gateway Created websocket connected to wss://gateway.discord.gg?encoding=json&v=6&compress=zlib-stream
22/12/18:16:57 - INFO:gateway Shard ID None has sent the IDENTIFY payload.
22/12/18:16:57 - INFO:gateway Shard ID None has connected to Gateway: gateway-prd-main-b88v, discord-sessions-prd-1-25 (Session ID: f390ce506b6aaba254c21811cc4ee51b).
22/12/18:16:59 - INFO:BlueBot successfully loaded extension BaseCommands
22/12/18:16:59 - INFO:BlueBot successfully loaded extension ErrorHandler
22/12/18:16:33 - INFO:client Cleaning up event loop.
22/12/18:16:33 - INFO:gateway Websocket closed with 1000 (), cannot reconnect.
22/12/18:16:20 - INFO:client logging in using static token
22/12/18:16:20 - INFO:gateway Created websocket connected to wss://gateway.discord.gg?encoding=json&v=6&compress=zlib-stream
22/12/18:16:20 - INFO:gateway Shard ID None has sent the IDENTIFY payload.
22/12/18:16:20 - INFO:gateway Shard ID None has connected to Gateway: gateway-prd-main-ncd7, discord-sessions-prd-1-28 (Session ID: 7501cfb9578de894d5e8a221414d1899).
22/12/18:16:22 - INFO:BlueBot successfully loaded extension BaseCommands
22/12/18:16:22 - INFO:BlueBot successfully loaded extension ErrorHandler
22/12/18:16:55 - INFO:client Cleaning up event loop.
22/12/18:16:55 - INFO:gateway Websocket closed with 1000 (), cannot reconnect.
22/12/18:16:23 - INFO:client logging in using static token
22/12/18:16:24 - INFO:gateway Created websocket connected to wss://gateway.discord.gg?encoding=json&v=6&compress=zlib-stream
22/12/18:16:24 - INFO:gateway Shard ID None has sent the IDENTIFY payload.
22/12/18:16:24 - INFO:gateway Shard ID None has connected to Gateway: gateway-prd-main-88fk, discord-sessions-prd-1-27 (Session ID: e72fa2b47d816f463b7e80a0fa125ffc).
22/12/18:16:26 - INFO:BlueBot successfully loaded extension BaseCommands
22/12/18:16:26 - INFO:BlueBot successfully loaded extension ErrorHandler
22/12/18:16:44 - INFO:client Cleaning up event loop.
22/12/18:16:44 - INFO:gateway Websocket closed with 1000 (), cannot reconnect.
22/12/18:16:18 - INFO:client logging in using static token
22/12/18:16:19 - INFO:gateway Created websocket connected to wss://gateway.discord.gg?encoding=json&v=6&compress=zlib-stream
22/12/18:16:19 - INFO:gateway Shard ID None has sent the IDENTIFY payload.
22/12/18:16:19 - INFO:gateway Shard ID None has connected to Gateway: gateway-prd-main-88fk, discord-sessions-prd-1-29 (Session ID: f363d7f8295728b47653f94d3faf8c2d).
22/12/18:16:21 - INFO:BlueBot successfully loaded extension BaseCommands
22/12/18:16:21 - INFO:BlueBot successfully loaded extension ErrorHandler
22/12/18:16:19 - INFO:client Cleaning up event loop.
22/12/18:16:19 - INFO:gateway Websocket closed with 1000 (), cannot reconnect.
22/12/18:16:41 - INFO:client logging in using static token
22/12/18:16:42 - INFO:gateway Created websocket connected to wss://gateway.discord.gg?encoding=json&v=6&compress=zlib-stream
22/12/18:16:42 - INFO:gateway Shard ID None has sent the IDENTIFY payload.
22/12/18:16:42 - INFO:gateway Shard ID None has connected to Gateway: gateway-prd-main-bhvf, discord-sessions-prd-1-28 (Session ID: 0e18e7cab2052d99feb58e10346979c3).
22/12/18:16:44 - INFO:BlueBot successfully loaded extension BaseCommands
22/12/18:16:44 - INFO:BlueBot successfully loaded extension ErrorHandler
22/12/18:16:04 - INFO:client Cleaning up event loop.
22/12/18:16:05 - INFO:gateway Websocket closed with 1000 (), cannot reconnect.
22/12/18:16:38 - INFO:client logging in using static token
22/12/18:16:39 - INFO:gateway Created websocket connected to wss://gateway.discord.gg?encoding=json&v=6&compress=zlib-stream
22/12/18:16:39 - INFO:gateway Shard ID None has sent the IDENTIFY payload.
22/12/18:16:39 - INFO:gateway Shard ID None has connected to Gateway: gateway-prd-main-g9mp, discord-sessions-prd-1-10 (Session ID: 1dc0fe4d467db364e3df3a43e2c4c31b).
22/12/18:16:41 - INFO:BlueBot successfully loaded extension BaseCommands
22/12/18:16:41 - INFO:BlueBot successfully loaded extension ErrorHandler
22/12/18:16:58 - INFO:client Cleaning up event loop.
22/12/18:16:58 - INFO:gateway Websocket closed with 1000 (), cannot reconnect.
22/12/18:16:05 - INFO:client logging in using static token
22/12/18:16:06 - INFO:gateway Created websocket connected to wss://gateway.discord.gg?encoding=json&v=6&compress=zlib-stream
22/12/18:16:06 - INFO:gateway Shard ID None has sent the IDENTIFY payload.
22/12/18:16:06 - INFO:gateway Shard ID None has connected to Gateway: gateway-prd-main-8j3c, discord-sessions-prd-1-3 (Session ID: b64ca153e72a1be8d3fca6b9c8fa82f9).
22/12/18:16:08 - INFO:BlueBot successfully loaded extension BaseCommands
22/12/18:16:08 - INFO:BlueBot successfully loaded extension ErrorHandler
22/12/18:16:34 - INFO:client Cleaning up event loop.
22/12/18:16:34 - INFO:gateway Websocket closed with 1000 (), cannot reconnect.
22/12/18:16:20 - INFO:client logging in using static token
22/12/18:16:20 - INFO:gateway Created websocket connected to wss://gateway.discord.gg?encoding=json&v=6&compress=zlib-stream
22/12/18:16:20 - INFO:gateway Shard ID None has sent the IDENTIFY payload.
22/12/18:16:20 - INFO:gateway Shard ID None has connected to Gateway: gateway-prd-main-j093, discord-sessions-prd-1-13 (Session ID: 464d96760d10e211a7c3453d8f05734f).
22/12/18:16:22 - INFO:BlueBot successfully loaded extension BaseCommands
22/12/18:16:22 - INFO:BlueBot successfully loaded extension ErrorHandler
22/12/18:16:50 - INFO:client Cleaning up event loop.
22/12/18:16:50 - INFO:gateway Websocket closed with 1000 (), cannot reconnect.
22/12/18:16:21 - INFO:client logging in using static token
22/12/18:16:21 - INFO:gateway Created websocket connected to wss://gateway.discord.gg?encoding=json&v=6&compress=zlib-stream
22/12/18:16:21 - INFO:gateway Shard ID None has sent the IDENTIFY payload.
22/12/18:16:22 - INFO:gateway Shard ID None has connected to Gateway: gateway-prd-main-8j3c, discord-sessions-prd-1-3 (Session ID: 65e1b3d561dd58df48307e685fd7516e).
22/12/18:16:24 - INFO:BlueBot successfully loaded extension BaseCommands
22/12/18:16:24 - INFO:BlueBot successfully loaded extension ErrorHandler
22/12/18:16:31 - INFO:client Cleaning up event loop.
22/12/18:16:31 - INFO:gateway Websocket closed with 1000 (), cannot reconnect.
22/12/18:16:11 - INFO:client logging in using static token
22/12/18:16:11 - INFO:gateway Created websocket connected to wss://gateway.discord.gg?encoding=json&v=6&compress=zlib-stream
22/12/18:16:11 - INFO:gateway Shard ID None has sent the IDENTIFY payload.
22/12/18:16:12 - INFO:gateway Shard ID None has connected to Gateway: gateway-prd-main-5f80, discord-sessions-prd-1-20 (Session ID: 5d8e3a3fce227b5f6391ee9141baad68).
22/12/18:16:14 - INFO:BlueBot successfully loaded extension BaseCommands
22/12/18:16:14 - INFO:BlueBot successfully loaded extension ErrorHandler
22/12/18:16:34 - INFO:client Cleaning up event loop.
22/12/18:16:34 - INFO:gateway Websocket closed with 1000 (), cannot reconnect.
22/12/18:16:38 - INFO:client logging in using static token
22/12/18:16:38 - INFO:gateway Created websocket connected to wss://gateway.discord.gg?encoding=json&v=6&compress=zlib-stream
22/12/18:16:38 - INFO:gateway Shard ID None has sent the IDENTIFY payload.
22/12/18:16:38 - INFO:gateway Shard ID None has connected to Gateway: gateway-prd-main-9z20, discord-sessions-prd-1-7 (Session ID: 6af2fd5b42e6a9404eb2ef5f8435b05b).
22/12/18:16:40 - INFO:BlueBot successfully loaded extension BaseCommands
22/12/18:16:40 - INFO:BlueBot successfully loaded extension ErrorHandler
22/12/18:16:51 - INFO:client Cleaning up event loop.
22/12/18:16:51 - INFO:gateway Websocket closed with 1000 (), cannot reconnect.
22/12/18:17:36 - INFO:client logging in using static token
22/12/18:17:36 - INFO:gateway Created websocket connected to wss://gateway.discord.gg?encoding=json&v=6&compress=zlib-stream
22/12/18:17:36 - INFO:gateway Shard ID None has sent the IDENTIFY payload.
22/12/18:17:38 - INFO:gateway Shard ID None has connected to Gateway: gateway-prd-main-qp8p, discord-sessions-prd-1-5 (Session ID: 4d8a14effb0e541e6e02e95b32029784).
22/12/18:17:40 - WARNING:gateway Unknown event PRESENCES_REPLACE.
22/12/18:17:40 - INFO:BlueBot successfully loaded extension BaseCommands
22/12/18:17:40 - INFO:BlueBot successfully loaded extension ErrorHandler
23/12/18:14:55 - INFO:client Cleaning up event loop.
23/12/18:14:55 - INFO:gateway Websocket closed with 1000 (), cannot reconnect.
23/12/18:14:56 - INFO:client logging in using static token
23/12/18:14:56 - INFO:gateway Created websocket connected to wss://gateway.discord.gg?encoding=json&v=6&compress=zlib-stream
23/12/18:14:56 - INFO:gateway Shard ID None has sent the IDENTIFY payload.
23/12/18:14:57 - INFO:gateway Shard ID None has connected to Gateway: gateway-prd-main-gq4j, discord-sessions-prd-1-13 (Session ID: 013d11f7629714182eb4f1d7f3ea3455).
23/12/18:14:59 - INFO:BlueBot successfully loaded extension BaseCommands
23/12/18:14:59 - INFO:BlueBot successfully loaded extension ErrorHandler
23/12/18:14:14 - INFO:client Cleaning up event loop.
23/12/18:14:14 - INFO:gateway Websocket closed with 1000 (), cannot reconnect.
23/12/18:14:38 - INFO:client logging in using static token
23/12/18:14:38 - INFO:gateway Created websocket connected to wss://gateway.discord.gg?encoding=json&v=6&compress=zlib-stream
23/12/18:14:38 - INFO:gateway Shard ID None has sent the IDENTIFY payload.
23/12/18:14:38 - INFO:gateway Shard ID None has connected to Gateway: gateway-prd-main-cdjj, discord-sessions-prd-1-29 (Session ID: 5af7b8bbe09f6bfd3478bf77f3515fe2).
23/12/18:14:41 - INFO:BlueBot successfully loaded extension BaseCommands
23/12/18:14:41 - INFO:BlueBot successfully loaded extension ErrorHandler
23/12/18:14:51 - INFO:client Cleaning up event loop.
23/12/18:14:51 - INFO:gateway Websocket closed with 1000 (), cannot reconnect.
23/12/18:14:47 - INFO:client logging in using static token
23/12/18:14:47 - INFO:gateway Created websocket connected to wss://gateway.discord.gg?encoding=json&v=6&compress=zlib-stream
23/12/18:14:47 - INFO:gateway Shard ID None has sent the IDENTIFY payload.
23/12/18:14:47 - INFO:gateway Shard ID None has connected to Gateway: gateway-prd-main-8v6p, discord-sessions-prd-1-21 (Session ID: efed9eae6da6de02f481a52cef93e6d9).
23/12/18:14:49 - INFO:BlueBot successfully loaded extension BaseCommands
23/12/18:14:49 - INFO:BlueBot successfully loaded extension ErrorHandler
23/12/18:14:11 - INFO:client Cleaning up event loop.
23/12/18:14:11 - INFO:gateway Websocket closed with 1000 (), cannot reconnect.
23/12/18:14:47 - INFO:client logging in using static token
23/12/18:14:48 - INFO:gateway Created websocket connected to wss://gateway.discord.gg?encoding=json&v=6&compress=zlib-stream
23/12/18:14:48 - INFO:gateway Shard ID None has sent the IDENTIFY payload.
23/12/18:14:48 - INFO:gateway Shard ID None has connected to Gateway: gateway-prd-main-8v6p, discord-sessions-prd-1-18 (Session ID: e145455e1b0c8afa2c4cd72e136bb509).
23/12/18:14:50 - INFO:BlueBot successfully loaded extension BaseCommands
23/12/18:14:50 - INFO:BlueBot successfully loaded extension ErrorHandler
23/12/18:14:29 - INFO:client Cleaning up event loop.
23/12/18:14:29 - INFO:gateway Websocket closed with 1000 (), cannot reconnect.
23/12/18:14:25 - INFO:client logging in using static token
23/12/18:14:26 - INFO:gateway Created websocket connected to wss://gateway.discord.gg?encoding=json&v=6&compress=zlib-stream
23/12/18:14:26 - INFO:gateway Shard ID None has sent the IDENTIFY payload.
23/12/18:14:27 - INFO:gateway Shard ID None has connected to Gateway: gateway-prd-main-88fk, discord-sessions-prd-1-6 (Session ID: 6a22e56aa5bdc3c07049dddbd517aacc).
23/12/18:14:28 - WARNING:gateway Unknown event PRESENCES_REPLACE.
23/12/18:14:29 - INFO:BlueBot successfully loaded extension BaseCommands
23/12/18:14:29 - INFO:BlueBot successfully loaded extension ErrorHandler
23/12/18:14:17 - INFO:client Cleaning up event loop.
23/12/18:14:17 - INFO:gateway Websocket closed with 1000 (), cannot reconnect.
23/12/18:14:57 - INFO:client logging in using static token
23/12/18:14:57 - INFO:gateway Created websocket connected to wss://gateway.discord.gg?encoding=json&v=6&compress=zlib-stream
23/12/18:14:57 - INFO:gateway Shard ID None has sent the IDENTIFY payload.
23/12/18:14:59 - INFO:gateway Shard ID None has connected to Gateway: gateway-prd-main-qp8p, discord-sessions-prd-1-8 (Session ID: 6c3762dd931cbd457fb43b95755392c1).
23/12/18:14:01 - INFO:BlueBot successfully loaded extension BaseCommands
23/12/18:14:01 - INFO:BlueBot successfully loaded extension ErrorHandler
23/12/18:14:24 - INFO:client Cleaning up event loop.
23/12/18:14:24 - INFO:gateway Websocket closed with 1000 (), cannot reconnect.
23/12/18:14:48 - INFO:client logging in using static token
23/12/18:14:48 - INFO:gateway Created websocket connected to wss://gateway.discord.gg?encoding=json&v=6&compress=zlib-stream
23/12/18:14:48 - INFO:gateway Shard ID None has sent the IDENTIFY payload.
23/12/18:14:48 - INFO:gateway Shard ID None has connected to Gateway: gateway-prd-main-jptr, discord-sessions-prd-1-25 (Session ID: c4d727987179d8d0ce783f635f5ab069).
23/12/18:14:51 - INFO:BlueBot successfully loaded extension BaseCommands
23/12/18:14:51 - INFO:BlueBot successfully loaded extension ErrorHandler
23/12/18:14:09 - INFO:client Cleaning up event loop.
23/12/18:14:09 - INFO:gateway Websocket closed with 1000 (), cannot reconnect.
23/12/18:14:08 - INFO:client logging in using static token
23/12/18:14:08 - INFO:gateway Created websocket connected to wss://gateway.discord.gg?encoding=json&v=6&compress=zlib-stream
23/12/18:14:08 - INFO:gateway Shard ID None has sent the IDENTIFY payload.
23/12/18:14:08 - INFO:gateway Shard ID None has connected to Gateway: gateway-prd-main-kb9j, discord-sessions-prd-1-9 (Session ID: 47e13d1c53dbad713c7da23b1559969d).
23/12/18:14:10 - INFO:BlueBot successfully loaded extension BaseCommands
23/12/18:14:10 - INFO:BlueBot successfully loaded extension ErrorHandler
23/12/18:14:59 - INFO:client Cleaning up event loop.
23/12/18:15:00 - INFO:gateway Websocket closed with 1000 (), cannot reconnect.
23/12/18:15:54 - INFO:client logging in using static token
23/12/18:15:54 - INFO:gateway Created websocket connected to wss://gateway.discord.gg?encoding=json&v=6&compress=zlib-stream
23/12/18:15:54 - INFO:gateway Shard ID None has sent the IDENTIFY payload.
23/12/18:15:54 - INFO:gateway Shard ID None has connected to Gateway: gateway-prd-main-47kl, discord-sessions-prd-1-8 (Session ID: 0ff2f0b6db54c22fa9bb695536360beb).
23/12/18:15:56 - INFO:BlueBot successfully loaded extension BaseCommands
23/12/18:15:56 - INFO:BlueBot successfully loaded extension ErrorHandler
23/12/18:15:01 - INFO:client Cleaning up event loop.
23/12/18:15:01 - INFO:gateway Websocket closed with 1000 (), cannot reconnect.
23/12/18:15:43 - INFO:client logging in using static token
23/12/18:15:43 - INFO:gateway Created websocket connected to wss://gateway.discord.gg?encoding=json&v=6&compress=zlib-stream
23/12/18:15:43 - INFO:gateway Shard ID None has sent the IDENTIFY payload.
23/12/18:15:44 - INFO:gateway Shard ID None has connected to Gateway: gateway-prd-main-9z20, discord-sessions-prd-1-24 (Session ID: 2bc08f7de8d3d7055054ff0a91642bf2).
23/12/18:15:46 - INFO:BlueBot successfully loaded extension BaseCommands
23/12/18:15:46 - INFO:BlueBot successfully loaded extension ErrorHandler
23/12/18:15:53 - INFO:client Cleaning up event loop.
23/12/18:15:53 - INFO:gateway Websocket closed with 1000 (), cannot reconnect.
23/12/18:15:57 - INFO:client logging in using static token
23/12/18:15:57 - INFO:gateway Created websocket connected to wss://gateway.discord.gg?encoding=json&v=6&compress=zlib-stream
23/12/18:15:57 - INFO:gateway Shard ID None has sent the IDENTIFY payload.
23/12/18:15:57 - INFO:gateway Shard ID None has connected to Gateway: gateway-prd-main-gtb6, discord-sessions-prd-1-27 (Session ID: b1ec31c5cb4cc381fbbd46ac545f9626).
23/12/18:15:59 - INFO:BlueBot successfully loaded extension BaseCommands
23/12/18:15:59 - INFO:BlueBot successfully loaded extension ErrorHandler
23/12/18:15:25 - INFO:client Cleaning up event loop.
23/12/18:15:25 - INFO:gateway Websocket closed with 1000 (), cannot reconnect.
23/12/18:15:09 - INFO:client logging in using static token
23/12/18:15:09 - INFO:gateway Created websocket connected to wss://gateway.discord.gg?encoding=json&v=6&compress=zlib-stream
23/12/18:15:09 - INFO:gateway Shard ID None has sent the IDENTIFY payload.
23/12/18:15:10 - INFO:gateway Shard ID None has connected to Gateway: gateway-prd-main-gq4j, discord-sessions-prd-1-13 (Session ID: ad71be46f4264f91df17464ee0b2e487).
23/12/18:15:12 - INFO:BlueBot successfully loaded extension BaseCommands
23/12/18:15:12 - INFO:BlueBot successfully loaded extension ErrorHandler
23/12/18:15:38 - INFO:client Cleaning up event loop.
23/12/18:15:38 - INFO:gateway Websocket closed with 1000 (), cannot reconnect.
23/12/18:15:44 - INFO:client logging in using static token
23/12/18:15:45 - INFO:gateway Created websocket connected to wss://gateway.discord.gg?encoding=json&v=6&compress=zlib-stream
23/12/18:15:45 - INFO:gateway Shard ID None has sent the IDENTIFY payload.
23/12/18:15:45 - INFO:gateway Shard ID None has connected to Gateway: gateway-prd-main-rskw, discord-sessions-prd-1-26 (Session ID: e42fff7efbb9c92c613be75c427c657b).
23/12/18:15:47 - INFO:BlueBot successfully loaded extension BaseCommands
23/12/18:15:47 - INFO:BlueBot successfully loaded extension ErrorHandler
23/12/18:15:07 - INFO:client Cleaning up event loop.
23/12/18:15:07 - INFO:gateway Websocket closed with 1000 (), cannot reconnect.
23/12/18:15:49 - INFO:client logging in using static token
23/12/18:15:49 - INFO:gateway Created websocket connected to wss://gateway.discord.gg?encoding=json&v=6&compress=zlib-stream
23/12/18:15:49 - INFO:gateway Shard ID None has sent the IDENTIFY payload.
23/12/18:15:50 - INFO:gateway Shard ID None has connected to Gateway: gateway-prd-main-f9r0, discord-sessions-prd-1-6 (Session ID: a64ae916c2ce48cfe4f135c73e9ad1cb).
23/12/18:15:52 - INFO:BlueBot successfully loaded extension BaseCommands
23/12/18:15:52 - INFO:BlueBot successfully loaded extension ErrorHandler
23/12/18:15:24 - INFO:client Cleaning up event loop.
23/12/18:15:24 - INFO:gateway Websocket closed with 1000 (), cannot reconnect.
23/12/18:15:55 - INFO:client logging in using static token
23/12/18:15:56 - INFO:gateway Created websocket connected to wss://gateway.discord.gg?encoding=json&v=6&compress=zlib-stream
23/12/18:15:56 - INFO:gateway Shard ID None has sent the IDENTIFY payload.
23/12/18:15:56 - INFO:gateway Shard ID None has connected to Gateway: gateway-prd-main-j093, discord-sessions-prd-1-23 (Session ID: 3d535c83818512fffc59c95233a6da50).
23/12/18:15:58 - INFO:BlueBot successfully loaded extension BaseCommands
23/12/18:15:58 - INFO:BlueBot successfully loaded extension ErrorHandler
23/12/18:15:48 - INFO:client Cleaning up event loop.
23/12/18:15:48 - INFO:gateway Websocket closed with 1000 (), cannot reconnect.
23/12/18:15:04 - INFO:client logging in using static token
23/12/18:15:04 - INFO:gateway Created websocket connected to wss://gateway.discord.gg?encoding=json&v=6&compress=zlib-stream
23/12/18:15:04 - INFO:gateway Shard ID None has sent the IDENTIFY payload.
23/12/18:15:05 - INFO:gateway Shard ID None has connected to Gateway: gateway-prd-main-33kl, discord-sessions-prd-1-30 (Session ID: 19834ba390aa2b61a8a198aaa2a2c10f).
23/12/18:15:07 - INFO:BlueBot successfully loaded extension BaseCommands
23/12/18:15:07 - INFO:BlueBot successfully loaded extension ErrorHandler
23/12/18:15:50 - INFO:client Cleaning up event loop.
23/12/18:15:50 - INFO:gateway Websocket closed with 1000 (), cannot reconnect.
23/12/18:15:30 - INFO:client logging in using static token
23/12/18:15:31 - INFO:gateway Created websocket connected to wss://gateway.discord.gg?encoding=json&v=6&compress=zlib-stream
23/12/18:15:31 - INFO:gateway Shard ID None has sent the IDENTIFY payload.
23/12/18:15:31 - INFO:gateway Shard ID None has connected to Gateway: gateway-prd-main-mr31, discord-sessions-prd-1-17 (Session ID: 291e602f07ff75039d2339f0978760d6).
23/12/18:15:33 - INFO:BlueBot successfully loaded extension BaseCommands
23/12/18:15:33 - INFO:BlueBot successfully loaded extension ErrorHandler
23/12/18:15:38 - INFO:client Cleaning up event loop.
23/12/18:15:38 - INFO:gateway Websocket closed with 1000 (), cannot reconnect.
23/12/18:15:34 - INFO:client logging in using static token
23/12/18:15:35 - INFO:gateway Created websocket connected to wss://gateway.discord.gg?encoding=json&v=6&compress=zlib-stream
23/12/18:15:35 - INFO:gateway Shard ID None has sent the IDENTIFY payload.
23/12/18:15:35 - INFO:gateway Shard ID None has connected to Gateway: gateway-prd-main-r2bc, discord-sessions-prd-1-6 (Session ID: 043510c7d0e16e5f82fc72451ba466c3).
23/12/18:15:37 - INFO:BlueBot successfully loaded extension BaseCommands
23/12/18:15:37 - INFO:BlueBot successfully loaded extension ErrorHandler
23/12/18:15:07 - ERROR:base_events Task exception was never retrieved
future: <Task finished coro=<EventRunner.run_delayed() done, defined at /home/Luke/discord/blue/newblue/EventRunner/EventRunner.py:30> exception=TypeError("unsupported operand type(s) for +: 'float' and 'builtin_function_or_method'",)>
Traceback (most recent call last):
  File "/home/Luke/discord/blue/newblue/EventRunner/EventRunner.py", line 31, in run_delayed
    await asyncio.sleep(delay)
  File "/usr/lib/python3.6/asyncio/tasks.py", line 480, in sleep
    future, result)
  File "/usr/lib/python3.6/asyncio/base_events.py", line 549, in call_later
    timer = self.call_at(self.time() + delay, callback, *args)
TypeError: unsupported operand type(s) for +: 'float' and 'builtin_function_or_method'
23/12/18:15:58 - INFO:client Cleaning up event loop.
23/12/18:15:58 - INFO:gateway Websocket closed with 1000 (), cannot reconnect.
23/12/18:18:40 - INFO:client logging in using static token
23/12/18:18:40 - INFO:gateway Created websocket connected to wss://gateway.discord.gg?encoding=json&v=6&compress=zlib-stream
23/12/18:18:40 - INFO:gateway Shard ID None has sent the IDENTIFY payload.
23/12/18:18:40 - INFO:gateway Shard ID None has connected to Gateway: gateway-prd-main-8v6p, discord-sessions-prd-1-7 (Session ID: fdfebff7a3ab96b8170c2bb3ada128b7).
23/12/18:18:42 - INFO:BlueBot successfully loaded extension BaseCommands
23/12/18:18:42 - INFO:BlueBot successfully loaded extension ErrorHandler
23/12/18:18:02 - INFO:client Cleaning up event loop.
23/12/18:18:02 - INFO:gateway Websocket closed with 1000 (), cannot reconnect.
23/12/18:18:37 - INFO:client logging in using static token
23/12/18:18:38 - INFO:gateway Created websocket connected to wss://gateway.discord.gg?encoding=json&v=6&compress=zlib-stream
23/12/18:18:38 - INFO:gateway Shard ID None has sent the IDENTIFY payload.
23/12/18:18:39 - INFO:gateway Shard ID None has connected to Gateway: gateway-prd-main-65f5, discord-sessions-prd-1-27 (Session ID: f23e521eec0b6dd0a3f1627026e3cb13).
23/12/18:18:41 - INFO:BlueBot successfully loaded extension BaseCommands
23/12/18:18:41 - INFO:BlueBot successfully loaded extension ErrorHandler
23/12/18:18:11 - ERROR:base_events Task exception was never retrieved
future: <Task finished coro=<EventRunner.run_delayed() done, defined at /home/Luke/discord/blue/newblue/EventRunner/EventRunner.py:30> exception=TypeError("unsupported operand type(s) for +: 'float' and 'builtin_function_or_method'",)>
Traceback (most recent call last):
  File "/home/Luke/discord/blue/newblue/EventRunner/EventRunner.py", line 32, in run_delayed
    await asyncio.sleep(delay)
  File "/usr/lib/python3.6/asyncio/tasks.py", line 480, in sleep
    future, result)
  File "/usr/lib/python3.6/asyncio/base_events.py", line 549, in call_later
    timer = self.call_at(self.time() + delay, callback, *args)
TypeError: unsupported operand type(s) for +: 'float' and 'builtin_function_or_method'
23/12/18:18:17 - INFO:client Cleaning up event loop.
23/12/18:18:17 - INFO:gateway Websocket closed with 1000 (), cannot reconnect.
23/12/18:18:24 - INFO:client logging in using static token
23/12/18:18:24 - INFO:gateway Created websocket connected to wss://gateway.discord.gg?encoding=json&v=6&compress=zlib-stream
23/12/18:18:24 - INFO:gateway Shard ID None has sent the IDENTIFY payload.
23/12/18:18:24 - INFO:gateway Shard ID None has connected to Gateway: gateway-prd-main-pq0r, discord-sessions-prd-1-20 (Session ID: c5d8616624514c78f86076e41760dfd3).
23/12/18:18:27 - INFO:BlueBot successfully loaded extension BaseCommands
23/12/18:18:27 - INFO:BlueBot successfully loaded extension ErrorHandler
23/12/18:18:02 - ERROR:base_events Task exception was never retrieved
future: <Task finished coro=<EventRunner.run_delayed() done, defined at /home/Luke/discord/blue/newblue/EventRunner/EventRunner.py:30> exception=NameError("name 'mentions' is not defined",)>
Traceback (most recent call last):
  File "/home/Luke/discord/blue/newblue/EventRunner/EventRunner.py", line 34, in run_delayed
    await event.call()
  File "/home/Luke/discord/blue/newblue/EventRunner/Event.py", line 13, in call
    message = "{} {}".format(self.message, " ".join(["<@!{}>".format(mention) for mention in mentions]))
NameError: name 'mentions' is not defined
23/12/18:18:29 - INFO:client Cleaning up event loop.
23/12/18:18:30 - INFO:gateway Websocket closed with 1000 (), cannot reconnect.
23/12/18:19:54 - INFO:client logging in using static token
23/12/18:19:54 - INFO:gateway Created websocket connected to wss://gateway.discord.gg?encoding=json&v=6&compress=zlib-stream
23/12/18:19:54 - INFO:gateway Shard ID None has sent the IDENTIFY payload.
23/12/18:19:55 - INFO:gateway Shard ID None has connected to Gateway: gateway-prd-main-rp1n, discord-sessions-prd-1-19 (Session ID: 70f54bece051a8e314f429db28e66798).
23/12/18:19:57 - INFO:BlueBot successfully loaded extension BaseCommands
23/12/18:19:57 - INFO:BlueBot successfully loaded extension ErrorHandler
23/12/18:19:49 - INFO:client Cleaning up event loop.
23/12/18:19:50 - INFO:gateway Websocket closed with 1000 (), cannot reconnect.
23/12/18:19:44 - INFO:client logging in using static token
23/12/18:19:45 - INFO:gateway Created websocket connected to wss://gateway.discord.gg?encoding=json&v=6&compress=zlib-stream
23/12/18:19:45 - INFO:gateway Shard ID None has sent the IDENTIFY payload.
23/12/18:19:45 - INFO:gateway Shard ID None has connected to Gateway: gateway-prd-main-fnsl, discord-sessions-prd-1-24 (Session ID: 83c441e8047c1338d1eb20eba98b780b).
23/12/18:19:47 - INFO:BlueBot successfully loaded extension BaseCommands
23/12/18:19:47 - INFO:BlueBot successfully loaded extension ErrorHandler
23/12/18:19:42 - INFO:client Cleaning up event loop.
23/12/18:19:42 - INFO:gateway Websocket closed with 1000 (), cannot reconnect.
23/12/18:19:47 - INFO:client logging in using static token
23/12/18:19:48 - INFO:gateway Created websocket connected to wss://gateway.discord.gg?encoding=json&v=6&compress=zlib-stream
23/12/18:19:48 - INFO:gateway Shard ID None has sent the IDENTIFY payload.
23/12/18:19:48 - INFO:gateway Shard ID None has connected to Gateway: gateway-prd-main-zbjb, discord-sessions-prd-1-30 (Session ID: a173414e9d5b6326269a78d51497fc67).
23/12/18:19:50 - INFO:BlueBot successfully loaded extension BaseCommands
23/12/18:19:50 - INFO:BlueBot successfully loaded extension ErrorHandler
23/12/18:19:39 - INFO:client Cleaning up event loop.
23/12/18:19:39 - INFO:gateway Websocket closed with 1000 (), cannot reconnect.
23/12/18:19:18 - INFO:client logging in using static token
23/12/18:19:18 - INFO:gateway Created websocket connected to wss://gateway.discord.gg?encoding=json&v=6&compress=zlib-stream
23/12/18:19:18 - INFO:gateway Shard ID None has sent the IDENTIFY payload.
23/12/18:19:18 - INFO:gateway Shard ID None has connected to Gateway: gateway-prd-main-9z20, discord-sessions-prd-1-12 (Session ID: 3ab66e1a81d7285c2cded6463377d543).
23/12/18:19:20 - INFO:BlueBot successfully loaded extension BaseCommands
23/12/18:19:20 - INFO:BlueBot successfully loaded extension ErrorHandler
23/12/18:19:55 - ERROR:base_events Task exception was never retrieved
future: <Task finished coro=<EventRunner.run_delayed() done, defined at /home/Luke/discord/blue/newblue/EventRunner/EventRunner.py:30> exception=AttributeError("'tuple' object has no attribute 'split'",)>
Traceback (most recent call last):
  File "/home/Luke/discord/blue/newblue/EventRunner/EventRunner.py", line 34, in run_delayed
    await event.call()
  File "/home/Luke/discord/blue/newblue/EventRunner/Event.py", line 13, in call
    mentions = ["<!@{}>".format(mention) for mention in self.mentions.split(" ")]
AttributeError: 'tuple' object has no attribute 'split'
23/12/18:19:07 - INFO:client Cleaning up event loop.
23/12/18:19:07 - INFO:gateway Websocket closed with 1000 (), cannot reconnect.
23/12/18:19:59 - INFO:client logging in using static token
23/12/18:19:00 - INFO:gateway Created websocket connected to wss://gateway.discord.gg?encoding=json&v=6&compress=zlib-stream
23/12/18:19:00 - INFO:gateway Shard ID None has sent the IDENTIFY payload.
23/12/18:19:01 - INFO:gateway Shard ID None has connected to Gateway: gateway-prd-main-8j3c, discord-sessions-prd-1-28 (Session ID: 0f0450fbce4d4e135e89a14a15b40f43).
23/12/18:19:02 - WARNING:gateway Unknown event PRESENCES_REPLACE.
23/12/18:19:03 - INFO:BlueBot successfully loaded extension BaseCommands
23/12/18:19:03 - INFO:BlueBot successfully loaded extension ErrorHandler
23/12/18:19:40 - INFO:client Cleaning up event loop.
23/12/18:19:41 - INFO:gateway Websocket closed with 1000 (), cannot reconnect.
23/12/18:19:11 - INFO:client logging in using static token
23/12/18:19:12 - INFO:gateway Created websocket connected to wss://gateway.discord.gg?encoding=json&v=6&compress=zlib-stream
23/12/18:19:12 - INFO:gateway Shard ID None has sent the IDENTIFY payload.
23/12/18:19:12 - INFO:gateway Shard ID None has connected to Gateway: gateway-prd-main-0vfv, discord-sessions-prd-1-12 (Session ID: f151d6c7a123951749b9ed017a12127f).
23/12/18:19:14 - INFO:BlueBot successfully loaded extension BaseCommands
23/12/18:19:14 - INFO:BlueBot successfully loaded extension ErrorHandler
23/12/18:19:34 - INFO:client Cleaning up event loop.
23/12/18:19:35 - INFO:gateway Websocket closed with 1000 (), cannot reconnect.
23/12/18:21:08 - INFO:client logging in using static token
23/12/18:21:08 - INFO:gateway Created websocket connected to wss://gateway.discord.gg?encoding=json&v=6&compress=zlib-stream
23/12/18:21:08 - INFO:gateway Shard ID None has sent the IDENTIFY payload.
23/12/18:21:09 - INFO:gateway Shard ID None has connected to Gateway: gateway-prd-main-ssj6, discord-sessions-prd-1-18 (Session ID: 553ef972417186706cd4fd839328d37d).
23/12/18:21:11 - INFO:BlueBot successfully loaded extension BaseCommands
23/12/18:21:11 - INFO:BlueBot successfully loaded extension ErrorHandler
23/12/18:21:26 - INFO:client Cleaning up event loop.
23/12/18:21:26 - INFO:gateway Websocket closed with 1000 (), cannot reconnect.
23/12/18:21:49 - INFO:client logging in using static token
23/12/18:21:50 - INFO:gateway Created websocket connected to wss://gateway.discord.gg?encoding=json&v=6&compress=zlib-stream
23/12/18:21:50 - INFO:gateway Shard ID None has sent the IDENTIFY payload.
23/12/18:21:50 - INFO:gateway Shard ID None has connected to Gateway: gateway-prd-main-g9mp, discord-sessions-prd-1-19 (Session ID: 70cdf7a68369abbf443f1f82b4b96ca7).
23/12/18:21:52 - INFO:BlueBot successfully loaded extension BaseCommands
23/12/18:21:52 - INFO:BlueBot successfully loaded extension ErrorHandler
23/12/18:21:10 - INFO:client Cleaning up event loop.
23/12/18:21:11 - INFO:gateway Websocket closed with 1000 (), cannot reconnect.
23/12/18:21:35 - INFO:client logging in using static token
23/12/18:21:36 - INFO:gateway Created websocket connected to wss://gateway.discord.gg?encoding=json&v=6&compress=zlib-stream
23/12/18:21:36 - INFO:gateway Shard ID None has sent the IDENTIFY payload.
23/12/18:21:36 - INFO:gateway Shard ID None has connected to Gateway: gateway-prd-main-fp7m, discord-sessions-prd-1-9 (Session ID: eb25c4b7509b315208423f88dc1b953b).
23/12/18:21:38 - INFO:BlueBot successfully loaded extension BaseCommands
23/12/18:21:38 - INFO:BlueBot successfully loaded extension ErrorHandler
23/12/18:21:54 - INFO:client Cleaning up event loop.
23/12/18:21:54 - INFO:gateway Websocket closed with 1000 (), cannot reconnect.
23/12/18:21:58 - INFO:client logging in using static token
23/12/18:21:59 - INFO:gateway Created websocket connected to wss://gateway.discord.gg?encoding=json&v=6&compress=zlib-stream
23/12/18:21:59 - INFO:gateway Shard ID None has sent the IDENTIFY payload.
23/12/18:21:59 - INFO:gateway Shard ID None has connected to Gateway: gateway-prd-main-2l94, discord-sessions-prd-1-27 (Session ID: b4752f06810167b8f9226901ac0d310f).
23/12/18:21:01 - INFO:BlueBot successfully loaded extension BaseCommands
23/12/18:21:01 - INFO:BlueBot successfully loaded extension ErrorHandler
23/12/18:21:36 - INFO:client Cleaning up event loop.
23/12/18:21:37 - INFO:gateway Websocket closed with 1000 (), cannot reconnect.
23/12/18:21:29 - INFO:client logging in using static token
23/12/18:21:29 - INFO:gateway Created websocket connected to wss://gateway.discord.gg?encoding=json&v=6&compress=zlib-stream
23/12/18:21:29 - INFO:gateway Shard ID None has sent the IDENTIFY payload.
23/12/18:21:30 - INFO:gateway Shard ID None has connected to Gateway: gateway-prd-main-xkfb, discord-sessions-prd-1-1 (Session ID: 853e269f6e66bc971294739fe455ca46).
23/12/18:21:32 - INFO:BlueBot successfully loaded extension BaseCommands
23/12/18:21:32 - INFO:BlueBot successfully loaded extension ErrorHandler
23/12/18:21:05 - INFO:client Cleaning up event loop.
23/12/18:21:05 - INFO:gateway Websocket closed with 1000 (), cannot reconnect.
23/12/18:21:22 - INFO:client logging in using static token
23/12/18:21:23 - INFO:gateway Created websocket connected to wss://gateway.discord.gg?encoding=json&v=6&compress=zlib-stream
23/12/18:21:23 - INFO:gateway Shard ID None has sent the IDENTIFY payload.
23/12/18:21:24 - INFO:gateway Shard ID None has connected to Gateway: gateway-prd-main-ssj6, discord-sessions-prd-1-6 (Session ID: 43f07d9f1e84f0f57fd88494823dc7d3).
23/12/18:21:26 - INFO:BlueBot successfully loaded extension BaseCommands
23/12/18:21:26 - INFO:BlueBot successfully loaded extension ErrorHandler
23/12/18:21:44 - INFO:client Cleaning up event loop.
23/12/18:21:44 - INFO:gateway Websocket closed with 1000 (), cannot reconnect.
23/12/18:21:07 - INFO:client logging in using static token
23/12/18:21:08 - INFO:gateway Created websocket connected to wss://gateway.discord.gg?encoding=json&v=6&compress=zlib-stream
23/12/18:21:08 - INFO:gateway Shard ID None has sent the IDENTIFY payload.
23/12/18:21:09 - INFO:gateway Shard ID None has connected to Gateway: gateway-prd-main-thb6, discord-sessions-prd-1-19 (Session ID: 8a0421345434fc7a1bdd98a97b74c8ef).
23/12/18:21:10 - WARNING:gateway Unknown event PRESENCES_REPLACE.
23/12/18:21:11 - INFO:BlueBot successfully loaded extension BaseCommands
23/12/18:21:11 - INFO:BlueBot successfully loaded extension ErrorHandler
23/12/18:22:47 - INFO:client Cleaning up event loop.
23/12/18:22:47 - INFO:gateway Websocket closed with 1000 (), cannot reconnect.
23/12/18:22:02 - INFO:client logging in using static token
23/12/18:22:03 - INFO:gateway Created websocket connected to wss://gateway.discord.gg?encoding=json&v=6&compress=zlib-stream
23/12/18:22:03 - INFO:gateway Shard ID None has sent the IDENTIFY payload.
23/12/18:22:03 - INFO:gateway Shard ID None has connected to Gateway: gateway-prd-main-rskw, discord-sessions-prd-1-6 (Session ID: 38a7d53c5859ea998707799da3a007c6).
23/12/18:22:05 - INFO:BlueBot successfully loaded extension BaseCommands
23/12/18:22:05 - INFO:BlueBot successfully loaded extension ErrorHandler
23/12/18:22:01 - INFO:client Cleaning up event loop.
23/12/18:22:01 - INFO:gateway Websocket closed with 1000 (), cannot reconnect.
23/12/18:22:22 - INFO:client logging in using static token
23/12/18:22:22 - INFO:gateway Created websocket connected to wss://gateway.discord.gg?encoding=json&v=6&compress=zlib-stream
23/12/18:22:22 - INFO:gateway Shard ID None has sent the IDENTIFY payload.
23/12/18:22:23 - INFO:gateway Shard ID None has connected to Gateway: gateway-prd-main-pq0r, discord-sessions-prd-1-29 (Session ID: 1d1dfae83b9443c1b5e8c578fdbffee1).
23/12/18:22:25 - INFO:BlueBot successfully loaded extension BaseCommands
23/12/18:22:25 - INFO:BlueBot successfully loaded extension ErrorHandler
23/12/18:22:07 - INFO:client Cleaning up event loop.
23/12/18:22:07 - INFO:gateway Websocket closed with 1000 (), cannot reconnect.
23/12/18:22:31 - INFO:client logging in using static token
23/12/18:22:31 - INFO:gateway Created websocket connected to wss://gateway.discord.gg?encoding=json&v=6&compress=zlib-stream
23/12/18:22:31 - INFO:gateway Shard ID None has sent the IDENTIFY payload.
23/12/18:22:31 - INFO:gateway Shard ID None has connected to Gateway: gateway-prd-main-h4c5, discord-sessions-prd-1-2 (Session ID: 61f48c2dfd762eb933a79f2e5e1d9bd7).
23/12/18:22:33 - INFO:BlueBot successfully loaded extension BaseCommands
23/12/18:22:33 - INFO:BlueBot successfully loaded extension ErrorHandler
23/12/18:22:50 - INFO:client Cleaning up event loop.
23/12/18:22:50 - INFO:gateway Websocket closed with 1000 (), cannot reconnect.
23/12/18:22:27 - INFO:client logging in using static token
23/12/18:22:27 - INFO:gateway Created websocket connected to wss://gateway.discord.gg?encoding=json&v=6&compress=zlib-stream
23/12/18:22:27 - INFO:gateway Shard ID None has sent the IDENTIFY payload.
23/12/18:22:28 - INFO:gateway Shard ID None has connected to Gateway: gateway-prd-main-0s8j, discord-sessions-prd-1-26 (Session ID: 20f0e1d27c8fd0d8980b2cc23a25d5a9).
23/12/18:22:29 - WARNING:gateway Unknown event PRESENCES_REPLACE.
23/12/18:22:31 - INFO:BlueBot successfully loaded extension BaseCommands
23/12/18:22:31 - INFO:BlueBot successfully loaded extension ErrorHandler
23/12/18:22:02 - INFO:client Cleaning up event loop.
23/12/18:22:02 - INFO:gateway Websocket closed with 1000 (), cannot reconnect.
23/12/18:22:26 - INFO:client logging in using static token
23/12/18:22:27 - INFO:gateway Created websocket connected to wss://gateway.discord.gg?encoding=json&v=6&compress=zlib-stream
23/12/18:22:27 - INFO:gateway Shard ID None has sent the IDENTIFY payload.
23/12/18:22:27 - INFO:gateway Shard ID None has connected to Gateway: gateway-prd-main-b88v, discord-sessions-prd-1-4 (Session ID: b7218f6a39d4ca09fed0ae701118d9b7).
23/12/18:22:29 - INFO:BlueBot successfully loaded extension BaseCommands
23/12/18:22:29 - INFO:BlueBot successfully loaded extension ErrorHandler
23/12/18:22:11 - INFO:client Cleaning up event loop.
23/12/18:22:11 - INFO:gateway Websocket closed with 1000 (), cannot reconnect.
23/12/18:22:39 - INFO:client logging in using static token
23/12/18:22:39 - INFO:gateway Created websocket connected to wss://gateway.discord.gg?encoding=json&v=6&compress=zlib-stream
23/12/18:22:39 - INFO:gateway Shard ID None has sent the IDENTIFY payload.
23/12/18:22:40 - INFO:gateway Shard ID None has connected to Gateway: gateway-prd-main-04gb, discord-sessions-prd-1-20 (Session ID: b0b34d3e6b2af8be9f772bfd9f87cf58).
23/12/18:22:42 - INFO:BlueBot successfully loaded extension BaseCommands
23/12/18:22:42 - INFO:BlueBot successfully loaded extension ErrorHandler
23/12/18:22:04 - INFO:client Cleaning up event loop.
23/12/18:22:04 - INFO:gateway Websocket closed with 1000 (), cannot reconnect.
23/12/18:22:20 - INFO:client logging in using static token
23/12/18:22:21 - INFO:gateway Created websocket connected to wss://gateway.discord.gg?encoding=json&v=6&compress=zlib-stream
23/12/18:22:21 - INFO:gateway Shard ID None has sent the IDENTIFY payload.
23/12/18:22:21 - INFO:gateway Shard ID None has connected to Gateway: gateway-prd-main-kg6w, discord-sessions-prd-1-1 (Session ID: feee07ce13f2e944de67b14bb55ccaf6).
23/12/18:22:23 - INFO:BlueBot successfully loaded extension BaseCommands
23/12/18:22:23 - INFO:BlueBot successfully loaded extension ErrorHandler
23/12/18:22:31 - INFO:client Cleaning up event loop.
23/12/18:22:31 - INFO:gateway Websocket closed with 1000 (), cannot reconnect.
23/12/18:23:56 - INFO:client logging in using static token
23/12/18:23:56 - INFO:gateway Created websocket connected to wss://gateway.discord.gg?encoding=json&v=6&compress=zlib-stream
23/12/18:23:56 - INFO:gateway Shard ID None has sent the IDENTIFY payload.
23/12/18:23:57 - INFO:gateway Shard ID None has connected to Gateway: gateway-prd-main-2l94, discord-sessions-prd-1-24 (Session ID: f43661d14abe48c4bb7b25e3e2127654).
23/12/18:23:59 - INFO:BlueBot successfully loaded extension BaseCommands
23/12/18:23:59 - INFO:BlueBot successfully loaded extension ErrorHandler
23/12/18:23:07 - INFO:client Cleaning up event loop.
23/12/18:23:07 - INFO:gateway Websocket closed with 1000 (), cannot reconnect.
23/12/18:23:50 - INFO:client logging in using static token
23/12/18:23:51 - INFO:gateway Created websocket connected to wss://gateway.discord.gg?encoding=json&v=6&compress=zlib-stream
23/12/18:23:51 - INFO:gateway Shard ID None has sent the IDENTIFY payload.
23/12/18:23:51 - INFO:gateway Shard ID None has connected to Gateway: gateway-prd-main-4fwp, discord-sessions-prd-1-29 (Session ID: eedb1b2e99558bbc141200f071ca69a4).
23/12/18:23:53 - INFO:BlueBot successfully loaded extension BaseCommands
23/12/18:23:53 - INFO:BlueBot successfully loaded extension ErrorHandler
23/12/18:23:40 - INFO:client Cleaning up event loop.
23/12/18:23:40 - INFO:gateway Websocket closed with 1000 (), cannot reconnect.
23/12/18:23:58 - INFO:client logging in using static token
23/12/18:23:59 - INFO:gateway Created websocket connected to wss://gateway.discord.gg?encoding=json&v=6&compress=zlib-stream
23/12/18:23:59 - INFO:gateway Shard ID None has sent the IDENTIFY payload.
23/12/18:23:59 - INFO:gateway Shard ID None has connected to Gateway: gateway-prd-main-f9r0, discord-sessions-prd-1-8 (Session ID: 61537695b83f15f66d83f8963f074d02).
23/12/18:23:01 - INFO:BlueBot successfully loaded extension BaseCommands
23/12/18:23:01 - INFO:BlueBot successfully loaded extension ErrorHandler
23/12/18:23:17 - INFO:client Cleaning up event loop.
23/12/18:23:17 - INFO:gateway Websocket closed with 1000 (), cannot reconnect.
23/12/18:23:29 - INFO:client logging in using static token
23/12/18:23:30 - INFO:gateway Created websocket connected to wss://gateway.discord.gg?encoding=json&v=6&compress=zlib-stream
23/12/18:23:30 - INFO:gateway Shard ID None has sent the IDENTIFY payload.
23/12/18:23:30 - INFO:gateway Shard ID None has connected to Gateway: gateway-prd-main-xp2r, discord-sessions-prd-1-1 (Session ID: 1c1ef8c494b94b9430e10d293515ebd3).
23/12/18:23:32 - INFO:BlueBot successfully loaded extension BaseCommands
23/12/18:23:32 - INFO:BlueBot successfully loaded extension ErrorHandler
23/12/18:23:00 - INFO:client Cleaning up event loop.
23/12/18:23:00 - INFO:gateway Websocket closed with 1000 (), cannot reconnect.
23/12/18:23:16 - INFO:client logging in using static token
23/12/18:23:16 - INFO:gateway Created websocket connected to wss://gateway.discord.gg?encoding=json&v=6&compress=zlib-stream
23/12/18:23:16 - INFO:gateway Shard ID None has sent the IDENTIFY payload.
23/12/18:23:17 - INFO:gateway Shard ID None has connected to Gateway: gateway-prd-main-04gb, discord-sessions-prd-1-21 (Session ID: e59a82f5f465075d8c761ba2030119de).
23/12/18:23:19 - INFO:BlueBot successfully loaded extension BaseCommands
23/12/18:23:19 - INFO:BlueBot successfully loaded extension ErrorHandler
23/12/18:23:25 - INFO:client Cleaning up event loop.
23/12/18:23:25 - INFO:gateway Websocket closed with 1000 (), cannot reconnect.
23/12/18:23:35 - INFO:client logging in using static token
23/12/18:23:35 - INFO:gateway Created websocket connected to wss://gateway.discord.gg?encoding=json&v=6&compress=zlib-stream
23/12/18:23:35 - INFO:gateway Shard ID None has sent the IDENTIFY payload.
23/12/18:23:35 - INFO:gateway Shard ID None has connected to Gateway: gateway-prd-main-4fwp, discord-sessions-prd-1-16 (Session ID: b0164f1e271bd88a3eb0179da5329713).
23/12/18:23:37 - INFO:BlueBot successfully loaded extension BaseCommands
23/12/18:23:37 - INFO:BlueBot successfully loaded extension ErrorHandler
23/12/18:23:18 - INFO:client Cleaning up event loop.
23/12/18:23:18 - INFO:gateway Websocket closed with 1000 (), cannot reconnect.
23/12/18:23:01 - INFO:client logging in using static token
23/12/18:23:02 - INFO:gateway Created websocket connected to wss://gateway.discord.gg?encoding=json&v=6&compress=zlib-stream
23/12/18:23:02 - INFO:gateway Shard ID None has sent the IDENTIFY payload.
23/12/18:23:03 - INFO:gateway Shard ID None has connected to Gateway: gateway-prd-main-mxv1, discord-sessions-prd-1-18 (Session ID: ad1fc32ebe5d9ebb397abf0415e8dfa6).
23/12/18:23:05 - INFO:BlueBot successfully loaded extension BaseCommands
23/12/18:23:05 - INFO:BlueBot successfully loaded extension ErrorHandler
23/12/18:23:48 - INFO:client Cleaning up event loop.
23/12/18:23:48 - INFO:gateway Websocket closed with 1000 (), cannot reconnect.
23/12/18:23:38 - INFO:client logging in using static token
23/12/18:23:38 - INFO:gateway Created websocket connected to wss://gateway.discord.gg?encoding=json&v=6&compress=zlib-stream
23/12/18:23:38 - INFO:gateway Shard ID None has sent the IDENTIFY payload.
23/12/18:23:38 - INFO:gateway Shard ID None has connected to Gateway: gateway-prd-main-jptr, discord-sessions-prd-1-25 (Session ID: 3c118e735158ae27e18b9981310deea7).
23/12/18:23:40 - INFO:BlueBot successfully loaded extension BaseCommands
23/12/18:23:40 - INFO:BlueBot successfully loaded extension ErrorHandler
23/12/18:23:04 - INFO:client Cleaning up event loop.
23/12/18:23:05 - INFO:gateway Websocket closed with 1000 (), cannot reconnect.
23/12/18:23:57 - INFO:client logging in using static token
23/12/18:23:57 - INFO:gateway Created websocket connected to wss://gateway.discord.gg?encoding=json&v=6&compress=zlib-stream
23/12/18:23:57 - INFO:gateway Shard ID None has sent the IDENTIFY payload.
23/12/18:23:58 - INFO:gateway Shard ID None has connected to Gateway: gateway-prd-main-zbjb, discord-sessions-prd-1-11 (Session ID: fe94399baf07af1228a7f9fafe08ca2c).
23/12/18:23:00 - INFO:BlueBot successfully loaded extension BaseCommands
23/12/18:23:00 - INFO:BlueBot successfully loaded extension ErrorHandler
23/12/18:23:42 - INFO:client Cleaning up event loop.
23/12/18:23:42 - INFO:gateway Websocket closed with 1000 (), cannot reconnect.
23/12/18:23:00 - INFO:client logging in using static token
23/12/18:23:00 - INFO:gateway Created websocket connected to wss://gateway.discord.gg?encoding=json&v=6&compress=zlib-stream
23/12/18:23:00 - INFO:gateway Shard ID None has sent the IDENTIFY payload.
23/12/18:23:01 - INFO:gateway Shard ID None has connected to Gateway: gateway-prd-main-mr31, discord-sessions-prd-1-22 (Session ID: aa82f3284a4ec1018cc2ab6879ccc882).
23/12/18:23:03 - INFO:BlueBot successfully loaded extension BaseCommands
23/12/18:23:03 - INFO:BlueBot successfully loaded extension ErrorHandler
23/12/18:23:36 - INFO:client Cleaning up event loop.
23/12/18:23:36 - INFO:gateway Websocket closed with 1000 (), cannot reconnect.
23/12/18:23:45 - INFO:client logging in using static token
23/12/18:23:46 - INFO:gateway Created websocket connected to wss://gateway.discord.gg?encoding=json&v=6&compress=zlib-stream
23/12/18:23:46 - INFO:gateway Shard ID None has sent the IDENTIFY payload.
23/12/18:23:47 - INFO:gateway Shard ID None has connected to Gateway: gateway-prd-main-w8cx, discord-sessions-prd-1-27 (Session ID: aeae28bc1d63792de52e2ed70f86e7a4).
23/12/18:23:49 - INFO:BlueBot successfully loaded extension BaseCommands
23/12/18:23:49 - INFO:BlueBot successfully loaded extension ErrorHandler
23/12/18:23:10 - INFO:client Cleaning up event loop.
23/12/18:23:10 - INFO:gateway Websocket closed with 1000 (), cannot reconnect.
24/12/18:00:10 - INFO:client logging in using static token
24/12/18:00:11 - INFO:gateway Created websocket connected to wss://gateway.discord.gg?encoding=json&v=6&compress=zlib-stream
24/12/18:00:11 - INFO:gateway Shard ID None has sent the IDENTIFY payload.
24/12/18:00:11 - INFO:gateway Shard ID None has connected to Gateway: gateway-prd-main-gtb6, discord-sessions-prd-1-16 (Session ID: 67d1199d52f451f96b02e79f738e82ed).
24/12/18:00:13 - INFO:BlueBot successfully loaded extension BaseCommands
24/12/18:00:13 - INFO:BlueBot successfully loaded extension ErrorHandler
24/12/18:00:25 - INFO:client Cleaning up event loop.
24/12/18:00:25 - INFO:gateway Websocket closed with 1000 (), cannot reconnect.
24/12/18:00:30 - INFO:client logging in using static token
24/12/18:00:30 - INFO:gateway Created websocket connected to wss://gateway.discord.gg?encoding=json&v=6&compress=zlib-stream
24/12/18:00:30 - INFO:gateway Shard ID None has sent the IDENTIFY payload.
24/12/18:00:30 - INFO:gateway Shard ID None has connected to Gateway: gateway-prd-main-h4c5, discord-sessions-prd-1-24 (Session ID: da5f36217ecfca00f18df07d27a0f71b).
24/12/18:00:32 - INFO:BlueBot successfully loaded extension BaseCommands
24/12/18:00:32 - INFO:BlueBot successfully loaded extension ErrorHandler
24/12/18:00:45 - INFO:client Cleaning up event loop.
24/12/18:00:45 - INFO:gateway Websocket closed with 1000 (), cannot reconnect.
24/12/18:00:33 - INFO:client logging in using static token
24/12/18:00:34 - INFO:gateway Created websocket connected to wss://gateway.discord.gg?encoding=json&v=6&compress=zlib-stream
24/12/18:00:34 - INFO:gateway Shard ID None has sent the IDENTIFY payload.
24/12/18:00:34 - INFO:gateway Shard ID None has connected to Gateway: gateway-prd-main-4b1d, discord-sessions-prd-1-2 (Session ID: 2fb908541800ba6a4233433be8b4249b).
24/12/18:00:36 - INFO:BlueBot successfully loaded extension BaseCommands
24/12/18:00:36 - INFO:BlueBot successfully loaded extension ErrorHandler
24/12/18:00:47 - INFO:client Cleaning up event loop.
24/12/18:00:47 - INFO:gateway Websocket closed with 1000 (), cannot reconnect.
24/12/18:00:20 - INFO:client logging in using static token
24/12/18:00:20 - INFO:gateway Created websocket connected to wss://gateway.discord.gg?encoding=json&v=6&compress=zlib-stream
24/12/18:00:20 - INFO:gateway Shard ID None has sent the IDENTIFY payload.
24/12/18:00:21 - INFO:gateway Shard ID None has connected to Gateway: gateway-prd-main-37jv, discord-sessions-prd-1-16 (Session ID: 9f2fbeec894265f362695ce4106a92df).
24/12/18:00:23 - INFO:BlueBot successfully loaded extension BaseCommands
24/12/18:00:23 - INFO:BlueBot successfully loaded extension ErrorHandler
24/12/18:00:32 - INFO:client Cleaning up event loop.
24/12/18:00:32 - INFO:gateway Websocket closed with 1000 (), cannot reconnect.
24/12/18:00:00 - INFO:client logging in using static token
24/12/18:00:01 - INFO:gateway Created websocket connected to wss://gateway.discord.gg?encoding=json&v=6&compress=zlib-stream
24/12/18:00:01 - INFO:gateway Shard ID None has sent the IDENTIFY payload.
24/12/18:00:01 - INFO:gateway Shard ID None has connected to Gateway: gateway-prd-main-bcz8, discord-sessions-prd-1-11 (Session ID: 27051b8c5465085b16769c8fddf92cfe).
24/12/18:00:03 - INFO:BlueBot successfully loaded extension BaseCommands
24/12/18:00:03 - INFO:BlueBot successfully loaded extension ErrorHandler
24/12/18:00:33 - INFO:client Cleaning up event loop.
24/12/18:00:33 - INFO:gateway Websocket closed with 1000 (), cannot reconnect.
24/12/18:11:15 - INFO:client logging in using static token
24/12/18:11:16 - INFO:gateway Created websocket connected to wss://gateway.discord.gg?encoding=json&v=6&compress=zlib-stream
24/12/18:11:16 - INFO:gateway Shard ID None has sent the IDENTIFY payload.
24/12/18:11:16 - INFO:gateway Shard ID None has connected to Gateway: gateway-prd-main-33qs, discord-sessions-prd-1-11 (Session ID: 4e921ebbc870a758897bbff4dec4c45b).
24/12/18:11:18 - INFO:BlueBot successfully loaded extension BaseCommands
24/12/18:11:18 - INFO:BlueBot successfully loaded extension ErrorHandler
24/12/18:11:59 - INFO:client Cleaning up event loop.
24/12/18:11:00 - INFO:gateway Websocket closed with 1000 (), cannot reconnect.
24/12/18:11:42 - INFO:client logging in using static token
24/12/18:11:43 - INFO:gateway Created websocket connected to wss://gateway.discord.gg?encoding=json&v=6&compress=zlib-stream
24/12/18:11:43 - INFO:gateway Shard ID None has sent the IDENTIFY payload.
24/12/18:11:43 - INFO:gateway Shard ID None has connected to Gateway: gateway-prd-main-ncd7, discord-sessions-prd-1-29 (Session ID: 50766aa3a7f084321a78c1a9dac5aa1a).
24/12/18:11:45 - INFO:BlueBot successfully loaded extension BaseCommands
24/12/18:11:45 - INFO:BlueBot successfully loaded extension ErrorHandler
24/12/18:11:05 - INFO:client Cleaning up event loop.
24/12/18:11:05 - INFO:gateway Websocket closed with 1000 (), cannot reconnect.
24/12/18:11:14 - INFO:client logging in using static token
24/12/18:11:14 - INFO:gateway Created websocket connected to wss://gateway.discord.gg?encoding=json&v=6&compress=zlib-stream
24/12/18:11:14 - INFO:gateway Shard ID None has sent the IDENTIFY payload.
24/12/18:11:15 - INFO:gateway Shard ID None has connected to Gateway: gateway-prd-main-g9mp, discord-sessions-prd-1-23 (Session ID: 3d790cba3ba42130bf41c8fdb89488ea).
24/12/18:11:17 - INFO:BlueBot successfully loaded extension BaseCommands
24/12/18:11:17 - INFO:BlueBot successfully loaded extension ErrorHandler
24/12/18:11:39 - INFO:client Cleaning up event loop.
24/12/18:11:39 - INFO:gateway Websocket closed with 1000 (), cannot reconnect.
24/12/18:11:24 - INFO:client logging in using static token
24/12/18:11:24 - INFO:gateway Created websocket connected to wss://gateway.discord.gg?encoding=json&v=6&compress=zlib-stream
24/12/18:11:24 - INFO:gateway Shard ID None has sent the IDENTIFY payload.
24/12/18:11:24 - INFO:gateway Shard ID None has connected to Gateway: gateway-prd-main-33kl, discord-sessions-prd-1-5 (Session ID: a73bd198c3f2a67bff1c1ce981811ac8).
24/12/18:11:26 - INFO:BlueBot successfully loaded extension BaseCommands
24/12/18:11:26 - INFO:BlueBot successfully loaded extension ErrorHandler
24/12/18:11:52 - INFO:client Cleaning up event loop.
24/12/18:11:53 - INFO:gateway Websocket closed with 1000 (), cannot reconnect.
24/12/18:11:52 - INFO:client logging in using static token
24/12/18:11:52 - INFO:gateway Created websocket connected to wss://gateway.discord.gg?encoding=json&v=6&compress=zlib-stream
24/12/18:11:52 - INFO:gateway Shard ID None has sent the IDENTIFY payload.
24/12/18:11:52 - INFO:gateway Shard ID None has connected to Gateway: gateway-prd-main-04vj, discord-sessions-prd-1-13 (Session ID: 9f98c2f22adf0ca80e0c5595d4325889).
24/12/18:11:54 - INFO:BlueBot successfully loaded extension BaseCommands
24/12/18:11:54 - INFO:BlueBot successfully loaded extension ErrorHandler
24/12/18:11:02 - INFO:client Cleaning up event loop.
24/12/18:11:02 - INFO:gateway Websocket closed with 1000 (), cannot reconnect.
24/12/18:11:24 - INFO:client logging in using static token
24/12/18:11:25 - INFO:gateway Created websocket connected to wss://gateway.discord.gg?encoding=json&v=6&compress=zlib-stream
24/12/18:11:25 - INFO:gateway Shard ID None has sent the IDENTIFY payload.
24/12/18:11:25 - INFO:gateway Shard ID None has connected to Gateway: gateway-prd-main-ssj6, discord-sessions-prd-1-28 (Session ID: f4d8be54728068e05e0b748901d2ca64).
24/12/18:11:27 - INFO:BlueBot successfully loaded extension BaseCommands
24/12/18:11:27 - INFO:BlueBot successfully loaded extension ErrorHandler
24/12/18:11:45 - INFO:client Cleaning up event loop.
24/12/18:11:45 - INFO:gateway Websocket closed with 1000 (), cannot reconnect.
24/12/18:11:38 - INFO:client logging in using static token
24/12/18:11:39 - INFO:gateway Created websocket connected to wss://gateway.discord.gg?encoding=json&v=6&compress=zlib-stream
24/12/18:11:39 - INFO:gateway Shard ID None has sent the IDENTIFY payload.
24/12/18:11:39 - INFO:gateway Shard ID None has connected to Gateway: gateway-prd-main-cdjj, discord-sessions-prd-1-10 (Session ID: 1f92198bee832e2b705ce1f85a605aee).
24/12/18:11:41 - INFO:BlueBot successfully loaded extension BaseCommands
24/12/18:11:41 - INFO:BlueBot successfully loaded extension ErrorHandler
24/12/18:11:44 - INFO:client Cleaning up event loop.
24/12/18:11:44 - INFO:gateway Websocket closed with 1000 (), cannot reconnect.
24/12/18:11:49 - INFO:client logging in using static token
24/12/18:11:50 - INFO:gateway Created websocket connected to wss://gateway.discord.gg?encoding=json&v=6&compress=zlib-stream
24/12/18:11:50 - INFO:gateway Shard ID None has sent the IDENTIFY payload.
24/12/18:11:50 - INFO:gateway Shard ID None has connected to Gateway: gateway-prd-main-fnsl, discord-sessions-prd-1-9 (Session ID: 4fb31c78ab835d791ccacc03f278b410).
24/12/18:11:52 - INFO:BlueBot successfully loaded extension BaseCommands
24/12/18:11:52 - INFO:BlueBot successfully loaded extension ErrorHandler
24/12/18:11:53 - INFO:client Cleaning up event loop.
24/12/18:11:53 - INFO:gateway Websocket closed with 1000 (), cannot reconnect.
24/12/18:11:22 - INFO:client logging in using static token
24/12/18:11:22 - INFO:gateway Created websocket connected to wss://gateway.discord.gg?encoding=json&v=6&compress=zlib-stream
24/12/18:11:22 - INFO:gateway Shard ID None has sent the IDENTIFY payload.
24/12/18:11:23 - INFO:gateway Shard ID None has connected to Gateway: gateway-prd-main-8nw1, discord-sessions-prd-1-21 (Session ID: 8b2e2d2d01ae427c0505a736fbb0eb6b).
24/12/18:11:25 - INFO:BlueBot successfully loaded extension BaseCommands
24/12/18:11:25 - INFO:BlueBot successfully loaded extension ErrorHandler
24/12/18:11:04 - INFO:client Cleaning up event loop.
24/12/18:11:04 - INFO:gateway Websocket closed with 1000 (), cannot reconnect.
24/12/18:11:06 - INFO:client logging in using static token
24/12/18:11:06 - INFO:gateway Created websocket connected to wss://gateway.discord.gg?encoding=json&v=6&compress=zlib-stream
24/12/18:11:06 - INFO:gateway Shard ID None has sent the IDENTIFY payload.
24/12/18:11:06 - INFO:gateway Shard ID None has connected to Gateway: gateway-prd-main-mc74, discord-sessions-prd-1-12 (Session ID: b8eed4365e36caff833ed1fb7540d539).
24/12/18:11:08 - INFO:BlueBot successfully loaded extension BaseCommands
24/12/18:11:08 - INFO:BlueBot successfully loaded extension ErrorHandler
24/12/18:11:10 - INFO:client Cleaning up event loop.
24/12/18:11:10 - INFO:gateway Websocket closed with 1000 (), cannot reconnect.
24/12/18:11:31 - INFO:client logging in using static token
24/12/18:11:31 - INFO:gateway Created websocket connected to wss://gateway.discord.gg?encoding=json&v=6&compress=zlib-stream
24/12/18:11:31 - INFO:gateway Shard ID None has sent the IDENTIFY payload.
24/12/18:11:31 - INFO:gateway Shard ID None has connected to Gateway: gateway-prd-main-6lhw, discord-sessions-prd-1-18 (Session ID: daa9ed1f86ffad9e404833d50be564f6).
24/12/18:11:33 - INFO:BlueBot successfully loaded extension BaseCommands
24/12/18:11:33 - INFO:BlueBot successfully loaded extension ErrorHandler
24/12/18:11:41 - INFO:client Cleaning up event loop.
24/12/18:11:41 - INFO:gateway Websocket closed with 1000 (), cannot reconnect.
24/12/18:11:04 - INFO:client logging in using static token
24/12/18:11:05 - INFO:gateway Created websocket connected to wss://gateway.discord.gg?encoding=json&v=6&compress=zlib-stream
24/12/18:11:05 - INFO:gateway Shard ID None has sent the IDENTIFY payload.
24/12/18:11:05 - INFO:gateway Shard ID None has connected to Gateway: gateway-prd-main-4fwp, discord-sessions-prd-1-23 (Session ID: edba75cdcd802f000a43428e7d2310b7).
24/12/18:11:07 - INFO:BlueBot successfully loaded extension BaseCommands
24/12/18:11:07 - INFO:BlueBot successfully loaded extension ErrorHandler
24/12/18:11:35 - INFO:client Cleaning up event loop.
24/12/18:11:35 - INFO:gateway Websocket closed with 1000 (), cannot reconnect.
24/12/18:12:15 - INFO:client logging in using static token
24/12/18:12:16 - INFO:gateway Created websocket connected to wss://gateway.discord.gg?encoding=json&v=6&compress=zlib-stream
24/12/18:12:16 - INFO:gateway Shard ID None has sent the IDENTIFY payload.
24/12/18:12:16 - INFO:gateway Shard ID None has connected to Gateway: gateway-prd-main-4b1d, discord-sessions-prd-1-14 (Session ID: 811d797259b1e10ef05af97c4edd8881).
24/12/18:12:18 - INFO:BlueBot successfully loaded extension BaseCommands
24/12/18:12:18 - INFO:BlueBot successfully loaded extension ErrorHandler
24/12/18:12:09 - INFO:client Cleaning up event loop.
24/12/18:12:09 - INFO:gateway Websocket closed with 1000 (), cannot reconnect.
24/12/18:12:03 - INFO:client logging in using static token
24/12/18:12:03 - INFO:gateway Created websocket connected to wss://gateway.discord.gg?encoding=json&v=6&compress=zlib-stream
24/12/18:12:03 - INFO:gateway Shard ID None has sent the IDENTIFY payload.
24/12/18:12:04 - INFO:gateway Shard ID None has connected to Gateway: gateway-prd-main-0vfv, discord-sessions-prd-1-22 (Session ID: 9f822bfe9ef59470c3627009c5c9703c).
24/12/18:12:06 - INFO:BlueBot successfully loaded extension BaseCommands
24/12/18:12:06 - INFO:BlueBot successfully loaded extension ErrorHandler
24/12/18:12:25 - INFO:client Cleaning up event loop.
24/12/18:12:25 - INFO:gateway Websocket closed with 1000 (), cannot reconnect.
24/12/18:12:23 - INFO:client logging in using static token
24/12/18:12:24 - INFO:gateway Created websocket connected to wss://gateway.discord.gg?encoding=json&v=6&compress=zlib-stream
24/12/18:12:24 - INFO:gateway Shard ID None has sent the IDENTIFY payload.
24/12/18:12:24 - INFO:gateway Shard ID None has connected to Gateway: gateway-prd-main-9z20, discord-sessions-prd-1-24 (Session ID: 5e992be9a938747199788c9ee916e7e3).
24/12/18:12:26 - INFO:BlueBot successfully loaded extension BaseCommands
24/12/18:12:26 - INFO:BlueBot successfully loaded extension ErrorHandler
24/12/18:12:58 - INFO:client Cleaning up event loop.
24/12/18:12:59 - INFO:gateway Websocket closed with 1000 (), cannot reconnect.
24/12/18:12:14 - INFO:client logging in using static token
24/12/18:12:14 - INFO:gateway Created websocket connected to wss://gateway.discord.gg?encoding=json&v=6&compress=zlib-stream
24/12/18:12:14 - INFO:gateway Shard ID None has sent the IDENTIFY payload.
24/12/18:12:14 - INFO:gateway Shard ID None has connected to Gateway: gateway-prd-main-r2bc, discord-sessions-prd-1-28 (Session ID: 35b469e478f90f8535f5c3baf655ccf7).
24/12/18:12:32 - INFO:client Cleaning up event loop.
24/12/18:12:32 - INFO:gateway Websocket closed with 1000 (), cannot reconnect.
24/12/18:12:57 - INFO:client logging in using static token
24/12/18:12:58 - INFO:gateway Created websocket connected to wss://gateway.discord.gg?encoding=json&v=6&compress=zlib-stream
24/12/18:12:58 - INFO:gateway Shard ID None has sent the IDENTIFY payload.
24/12/18:12:58 - INFO:gateway Shard ID None has connected to Gateway: gateway-prd-main-gq4j, discord-sessions-prd-1-7 (Session ID: 482326e2b49fe69db87b6dfd3a3eaa17).
24/12/18:12:00 - INFO:BlueBot successfully loaded extension BaseCommands
24/12/18:12:00 - INFO:BlueBot successfully loaded extension ErrorHandler
24/12/18:12:40 - INFO:client Cleaning up event loop.
24/12/18:12:40 - INFO:gateway Websocket closed with 1000 (), cannot reconnect.
24/12/18:12:10 - INFO:client logging in using static token
24/12/18:12:11 - INFO:gateway Created websocket connected to wss://gateway.discord.gg?encoding=json&v=6&compress=zlib-stream
24/12/18:12:11 - INFO:gateway Shard ID None has sent the IDENTIFY payload.
24/12/18:12:11 - INFO:gateway Shard ID None has connected to Gateway: gateway-prd-main-fnsl, discord-sessions-prd-1-25 (Session ID: a7546b3ca834fa81aa6e844ea5ce5e69).
24/12/18:12:13 - INFO:BlueBot successfully loaded extension BaseCommands
24/12/18:12:13 - INFO:BlueBot successfully loaded extension ErrorHandler
24/12/18:12:29 - INFO:client Cleaning up event loop.
24/12/18:12:29 - INFO:gateway Websocket closed with 1000 (), cannot reconnect.
24/12/18:12:23 - INFO:client logging in using static token
24/12/18:12:23 - INFO:gateway Created websocket connected to wss://gateway.discord.gg?encoding=json&v=6&compress=zlib-stream
24/12/18:12:23 - INFO:gateway Shard ID None has sent the IDENTIFY payload.
24/12/18:12:23 - INFO:gateway Shard ID None has connected to Gateway: gateway-prd-main-n6kp, discord-sessions-prd-1-2 (Session ID: 904edaea02a01f09b99a0864db3aa86c).
24/12/18:12:25 - INFO:BlueBot successfully loaded extension BaseCommands
24/12/18:12:25 - INFO:BlueBot successfully loaded extension ErrorHandler
24/12/18:12:45 - INFO:client Cleaning up event loop.
24/12/18:12:45 - INFO:gateway Websocket closed with 1000 (), cannot reconnect.
24/12/18:14:28 - INFO:client logging in using static token
24/12/18:14:29 - INFO:gateway Created websocket connected to wss://gateway.discord.gg?encoding=json&v=6&compress=zlib-stream
24/12/18:14:29 - INFO:gateway Shard ID None has sent the IDENTIFY payload.
24/12/18:14:30 - INFO:gateway Shard ID None has connected to Gateway: gateway-prd-main-ncd7, discord-sessions-prd-1-6 (Session ID: 28251d87f55f5ec9f264160087feaf50).
24/12/18:14:31 - WARNING:gateway Unknown event PRESENCES_REPLACE.
24/12/18:14:32 - INFO:BlueBot successfully loaded extension BaseCommands
24/12/18:14:32 - INFO:BlueBot successfully loaded extension ErrorHandler
24/12/18:17:26 - INFO:client logging in using static token
24/12/18:17:27 - INFO:gateway Created websocket connected to wss://gateway.discord.gg?encoding=json&v=6&compress=zlib-stream
24/12/18:17:27 - INFO:gateway Shard ID None has sent the IDENTIFY payload.
24/12/18:17:27 - INFO:gateway Shard ID None has connected to Gateway: gateway-prd-main-thb6, discord-sessions-prd-1-1 (Session ID: 77a42c38bd16a315815b6af66d4c4d1c).
24/12/18:17:29 - INFO:BlueBot successfully loaded extension BaseCommands
24/12/18:17:29 - INFO:BlueBot successfully loaded extension ErrorHandler
24/12/18:17:40 - INFO:client Cleaning up event loop.
24/12/18:17:40 - INFO:gateway Websocket closed with 1000 (), cannot reconnect.
